SERVER -> CLIENT: 220 smtp.gmail.com ESMTP m2-20020a635802000000b005b6c1972c99sm9964950pgb.7 - gsmtp

CLIENT -> SERVER: EHLO localhost

SERVER -> CLIENT: 250-smtp.gmail.com at your service, [2001:fd8:22e8:5423:a6:d63e:708d:e622]
250-SIZE 35882577
250-8BITMIME
250-STARTTLS
250-ENHANCEDSTATUSCODES
250-PIPELINING
250-CHUNKING
250 SMTPUTF8

CLIENT -> SERVER: STARTTLS

SERVER -> CLIENT: 220 2.0.0 Ready to start TLS

CLIENT -> SERVER: EHLO localhost

SERVER -> CLIENT: 250-smtp.gmail.com at your service, [2001:fd8:22e8:5423:a6:d63e:708d:e622]
250-SIZE 35882577
250-8BITMIME
250-AUTH LOGIN PLAIN XOAUTH2 PLAIN-CLIENTTOKEN OAUTHBEARER XOAUTH
250-ENHANCEDSTATUSCODES
250-PIPELINING
250-CHUNKING
250 SMTPUTF8

CLIENT -> SERVER: AUTH LOGIN

SERVER -> CLIENT: 334 VXNlcm5hbWU6

CLIENT -> SERVER: [credentials hidden]
SERVER -> CLIENT: 334 UGFzc3dvcmQ6

CLIENT -> SERVER: [credentials hidden]
SERVER -> CLIENT: 534-5.7.9 Application-specific password required. For more information, go to
534 5.7.9  https://support.google.com/mail/?p=InvalidSecondFactor m2-20020a635802000000b005b6c1972c99sm9964950pgb.7 - gsmtp

SMTP ERROR: Password command failed: 534-5.7.9 Application-specific password required. For more information, go to
534 5.7.9  https://support.google.com/mail/?p=InvalidSecondFactor m2-20020a635802000000b005b6c1972c99sm9964950pgb.7 - gsmtp

SMTP Error: Could not authenticate.
CLIENT -> SERVER: QUIT

SERVER -> CLIENT: 221 2.0.0 closing connection m2-20020a635802000000b005b6c1972c99sm9964950pgb.7 - gsmtp

SMTP connect() failed. https://github.com/PHPMailer/PHPMailer/wiki/Troubleshooting
SERVER -> CLIENT: 220 smtp.gmail.com ESMTP t18-20020aa79392000000b006ce2e163776sm10107486pfe.106 - gsmtp

CLIENT -> SERVER: EHLO localhost

SERVER -> CLIENT: 250-smtp.gmail.com at your service, [2001:fd8:22e8:5423:a6:d63e:708d:e622]
250-SIZE 35882577
250-8BITMIME
250-STARTTLS
250-ENHANCEDSTATUSCODES
250-PIPELINING
250-CHUNKING
250 SMTPUTF8

CLIENT -> SERVER: STARTTLS

SERVER -> CLIENT: 220 2.0.0 Ready to start TLS

CLIENT -> SERVER: EHLO localhost

SERVER -> CLIENT: 250-smtp.gmail.com at your service, [2001:fd8:22e8:5423:a6:d63e:708d:e622]
250-SIZE 35882577
250-8BITMIME
250-AUTH LOGIN PLAIN XOAUTH2 PLAIN-CLIENTTOKEN OAUTHBEARER XOAUTH
250-ENHANCEDSTATUSCODES
250-PIPELINING
250-CHUNKING
250 SMTPUTF8

CLIENT -> SERVER: AUTH LOGIN

SERVER -> CLIENT: 334 VXNlcm5hbWU6

CLIENT -> SERVER: [credentials hidden]
SERVER -> CLIENT: 334 UGFzc3dvcmQ6

CLIENT -> SERVER: [credentials hidden]
SERVER -> CLIENT: 235 2.7.0 Accepted

CLIENT -> SERVER: MAIL FROM:<reyeshannahjoy82@gmail.com>

SERVER -> CLIENT: 250 2.1.0 OK t18-20020aa79392000000b006ce2e163776sm10107486pfe.106 - gsmtp

CLIENT -> SERVER: RCPT TO:<charmainejoycecoloma02@gmail.com>

SERVER -> CLIENT: 250 2.1.5 OK t18-20020aa79392000000b006ce2e163776sm10107486pfe.106 - gsmtp

CLIENT -> SERVER: DATA

SERVER -> CLIENT: 354  Go ahead t18-20020aa79392000000b006ce2e163776sm10107486pfe.106 - gsmtp

CLIENT -> SERVER: Date: Thu, 14 Dec 2023 07:22:42 +0100

CLIENT -> SERVER: To: charmainejoycecoloma02@gmail.com

CLIENT -> SERVER: From: Hannah Joy Reyes <reyeshannahjoy82@gmail.com>

CLIENT -> SERVER: Subject: Voter Registration

CLIENT -> SERVER: Message-ID: <piBERitC3oG0wK3lgWFjySxnAzDTzemmhjK4mlEiI@localhost>

CLIENT -> SERVER: X-Mailer: PHPMailer 6.9.1 (https://github.com/PHPMailer/PHPMailer)

CLIENT -> SERVER: MIME-Version: 1.0

CLIENT -> SERVER: Content-Type: text/plain; charset=iso-8859-1

CLIENT -> SERVER: 

CLIENT -> SERVER: Hello Charmaine Joyce Coloma,

CLIENT -> SERVER: 

CLIENT -> SERVER: You have been registered as a voter.

CLIENT -> SERVER: 

CLIENT -> SERVER: Voter ID: 9450627

CLIENT -> SERVER: Password: %z$0Qu.!]F

CLIENT -> SERVER: 

CLIENT -> SERVER: Please keep this information confidential.

CLIENT -> SERVER: 

CLIENT -> SERVER: .

SERVER -> CLIENT: 250 2.0.0 OK  1702480955 t18-20020aa79392000000b006ce2e163776sm10107486pfe.106 - gsmtp

CLIENT -> SERVER: QUIT

SERVER -> CLIENT: 221 2.0.0 closing connection t18-20020aa79392000000b006ce2e163776sm10107486pfe.106 - gsmtp

SERVER -> CLIENT: 220 smtp.gmail.com ESMTP pl16-20020a17090b269000b002859a1d9fb7sm11126345pjb.2 - gsmtp

CLIENT -> SERVER: EHLO localhost

SERVER -> CLIENT: 250-smtp.gmail.com at your service, [2001:fd8:22e8:5423:a6:d63e:708d:e622]
250-SIZE 35882577
250-8BITMIME
250-STARTTLS
250-ENHANCEDSTATUSCODES
250-PIPELINING
250-CHUNKING
250 SMTPUTF8

CLIENT -> SERVER: STARTTLS

SERVER -> CLIENT: 220 2.0.0 Ready to start TLS

CLIENT -> SERVER: EHLO localhost

SERVER -> CLIENT: 250-smtp.gmail.com at your service, [2001:fd8:22e8:5423:a6:d63e:708d:e622]
250-SIZE 35882577
250-8BITMIME
250-AUTH LOGIN PLAIN XOAUTH2 PLAIN-CLIENTTOKEN OAUTHBEARER XOAUTH
250-ENHANCEDSTATUSCODES
250-PIPELINING
250-CHUNKING
250 SMTPUTF8

CLIENT -> SERVER: AUTH LOGIN

SERVER -> CLIENT: 334 VXNlcm5hbWU6

CLIENT -> SERVER: [credentials hidden]
SERVER -> CLIENT: 334 UGFzc3dvcmQ6

CLIENT -> SERVER: [credentials hidden]
SERVER -> CLIENT: 235 2.7.0 Accepted

CLIENT -> SERVER: MAIL FROM:<reyeshannahjoy82@gmail.com>

SERVER -> CLIENT: 250 2.1.0 OK pl16-20020a17090b269000b002859a1d9fb7sm11126345pjb.2 - gsmtp

CLIENT -> SERVER: RCPT TO:<santypalma0@gmail.com>

SERVER -> CLIENT: 250 2.1.5 OK pl16-20020a17090b269000b002859a1d9fb7sm11126345pjb.2 - gsmtp

CLIENT -> SERVER: DATA

SERVER -> CLIENT: 354  Go ahead pl16-20020a17090b269000b002859a1d9fb7sm11126345pjb.2 - gsmtp

CLIENT -> SERVER: Date: Thu, 14 Dec 2023 07:26:25 +0100

CLIENT -> SERVER: To: santypalma0@gmail.com

CLIENT -> SERVER: From: Hannah Joy Reyes <reyeshannahjoy82@gmail.com>

CLIENT -> SERVER: Subject: Voter Registration

CLIENT -> SERVER: Message-ID: <YdMunkOTNtFnEzPVWh5OKGWOHsAWJUAOpgQGSNnEcg@localhost>

CLIENT -> SERVER: X-Mailer: PHPMailer 6.9.1 (https://github.com/PHPMailer/PHPMailer)

CLIENT -> SERVER: MIME-Version: 1.0

CLIENT -> SERVER: Content-Type: text/plain; charset=iso-8859-1

CLIENT -> SERVER: 

CLIENT -> SERVER: Hello Santy Balmores,

CLIENT -> SERVER: 

CLIENT -> SERVER: You have been registered as a voter.

CLIENT -> SERVER: 

CLIENT -> SERVER: Voter ID: 3921867

CLIENT -> SERVER: Password: [FC23#y7qa

CLIENT -> SERVER: 

CLIENT -> SERVER: Please keep this information confidential.

CLIENT -> SERVER: 

CLIENT -> SERVER: .

SERVER -> CLIENT: 250 2.0.0 OK  1702481177 pl16-20020a17090b269000b002859a1d9fb7sm11126345pjb.2 - gsmtp

CLIENT -> SERVER: QUIT

SERVER -> CLIENT: 221 2.0.0 closing connection pl16-20020a17090b269000b002859a1d9fb7sm11126345pjb.2 - gsmtp

SERVER -> CLIENT: 220 smtp.gmail.com ESMTP d8-20020a17090ab30800b0028591079e6fsm12645931pjr.24 - gsmtp

CLIENT -> SERVER: EHLO localhost

SERVER -> CLIENT: 250-smtp.gmail.com at your service, [2001:fd8:22e8:5423:a6:d63e:708d:e622]
250-SIZE 35882577
250-8BITMIME
250-STARTTLS
250-ENHANCEDSTATUSCODES
250-PIPELINING
250-CHUNKING
250 SMTPUTF8

CLIENT -> SERVER: STARTTLS

SERVER -> CLIENT: 220 2.0.0 Ready to start TLS

CLIENT -> SERVER: EHLO localhost

SERVER -> CLIENT: 250-smtp.gmail.com at your service, [2001:fd8:22e8:5423:a6:d63e:708d:e622]
250-SIZE 35882577
250-8BITMIME
250-AUTH LOGIN PLAIN XOAUTH2 PLAIN-CLIENTTOKEN OAUTHBEARER XOAUTH
250-ENHANCEDSTATUSCODES
250-PIPELINING
250-CHUNKING
250 SMTPUTF8

CLIENT -> SERVER: AUTH LOGIN

SERVER -> CLIENT: 334 VXNlcm5hbWU6

CLIENT -> SERVER: [credentials hidden]
SERVER -> CLIENT: 334 UGFzc3dvcmQ6

CLIENT -> SERVER: [credentials hidden]
SERVER -> CLIENT: 235 2.7.0 Accepted

CLIENT -> SERVER: MAIL FROM:<reyeshannahjoy82@gmail.com>

SERVER -> CLIENT: 250 2.1.0 OK d8-20020a17090ab30800b0028591079e6fsm12645931pjr.24 - gsmtp

CLIENT -> SERVER: RCPT TO:<charmainecoloma02@gmail.com>

SERVER -> CLIENT: 250 2.1.5 OK d8-20020a17090ab30800b0028591079e6fsm12645931pjr.24 - gsmtp

CLIENT -> SERVER: DATA

SERVER -> CLIENT: 354  Go ahead d8-20020a17090ab30800b0028591079e6fsm12645931pjr.24 - gsmtp

CLIENT -> SERVER: Date: Thu, 14 Dec 2023 07:27:12 +0100

CLIENT -> SERVER: To: charmainecoloma02@gmail.com

CLIENT -> SERVER: From: Hannah Joy Reyes <reyeshannahjoy82@gmail.com>

CLIENT -> SERVER: Subject: Voter Registration

CLIENT -> SERVER: Message-ID: <RLgIZOCR1CKTK6yNPV7uKgj4QUZ8UymP1NKWECMyB8@localhost>

CLIENT -> SERVER: X-Mailer: PHPMailer 6.9.1 (https://github.com/PHPMailer/PHPMailer)

CLIENT -> SERVER: MIME-Version: 1.0

CLIENT -> SERVER: Content-Type: text/plain; charset=iso-8859-1

CLIENT -> SERVER: 

CLIENT -> SERVER: Hello Charmaine Joyce Coloma,

CLIENT -> SERVER: 

CLIENT -> SERVER: You have been registered as a voter.

CLIENT -> SERVER: 

CLIENT -> SERVER: Voter ID: 7694830

CLIENT -> SERVER: Password: &#-XlmLtH2

CLIENT -> SERVER: 

CLIENT -> SERVER: Please keep this information confidential.

CLIENT -> SERVER: 

CLIENT -> SERVER: .

SERVER -> CLIENT: 250 2.0.0 OK  1702481223 d8-20020a17090ab30800b0028591079e6fsm12645931pjr.24 - gsmtp

CLIENT -> SERVER: QUIT

SERVER -> CLIENT: 221 2.0.0 closing connection d8-20020a17090ab30800b0028591079e6fsm12645931pjr.24 - gsmtp

SERVER -> CLIENT: 220 smtp.gmail.com ESMTP z5-20020aa78885000000b0064fd4a6b306sm10125326pfe.76 - gsmtp

CLIENT -> SERVER: EHLO localhost

SERVER -> CLIENT: 250-smtp.gmail.com at your service, [2001:fd8:22e8:5423:a6:d63e:708d:e622]
250-SIZE 35882577
250-8BITMIME
250-STARTTLS
250-ENHANCEDSTATUSCODES
250-PIPELINING
250-CHUNKING
250 SMTPUTF8

CLIENT -> SERVER: STARTTLS

SERVER -> CLIENT: 220 2.0.0 Ready to start TLS

CLIENT -> SERVER: EHLO localhost

SERVER -> CLIENT: 250-smtp.gmail.com at your service, [2001:fd8:22e8:5423:a6:d63e:708d:e622]
250-SIZE 35882577
250-8BITMIME
250-AUTH LOGIN PLAIN XOAUTH2 PLAIN-CLIENTTOKEN OAUTHBEARER XOAUTH
250-ENHANCEDSTATUSCODES
250-PIPELINING
250-CHUNKING
250 SMTPUTF8

CLIENT -> SERVER: AUTH LOGIN

SERVER -> CLIENT: 334 VXNlcm5hbWU6

CLIENT -> SERVER: [credentials hidden]
SERVER -> CLIENT: 334 UGFzc3dvcmQ6

CLIENT -> SERVER: [credentials hidden]
SERVER -> CLIENT: 235 2.7.0 Accepted

CLIENT -> SERVER: MAIL FROM:<olshco.electionupdates@gmail.com>

SERVER -> CLIENT: 250 2.1.0 OK z5-20020aa78885000000b0064fd4a6b306sm10125326pfe.76 - gsmtp

CLIENT -> SERVER: RCPT TO:<charmainejoycecoloma02@gmail.com>

SERVER -> CLIENT: 250 2.1.5 OK z5-20020aa78885000000b0064fd4a6b306sm10125326pfe.76 - gsmtp

CLIENT -> SERVER: DATA

SERVER -> CLIENT: 354  Go ahead z5-20020aa78885000000b0064fd4a6b306sm10125326pfe.76 - gsmtp

CLIENT -> SERVER: Date: Thu, 14 Dec 2023 08:39:32 +0100

CLIENT -> SERVER: To: charmainejoycecoloma02@gmail.com

CLIENT -> SERVER: From: EL-UPS OLSHCO <olshco.electionupdates@gmail.com>

CLIENT -> SERVER: Subject: Voter Registration

CLIENT -> SERVER: Message-ID: <pSVhTSXl15W3wdxZZBNmT8CN0VOr4yaBIQAkqxZjg@localhost>

CLIENT -> SERVER: X-Mailer: PHPMailer 6.9.1 (https://github.com/PHPMailer/PHPMailer)

CLIENT -> SERVER: MIME-Version: 1.0

CLIENT -> SERVER: Content-Type: text/plain; charset=iso-8859-1

CLIENT -> SERVER: 

CLIENT -> SERVER: Hello Charmaine Joyce Coloma,

CLIENT -> SERVER: 

CLIENT -> SERVER: You have been registered as a voter.

CLIENT -> SERVER: 

CLIENT -> SERVER: Voter ID: 7064283

CLIENT -> SERVER: Password: @J;RvmD-AM

CLIENT -> SERVER: 

CLIENT -> SERVER: Please keep this information confidential.

CLIENT -> SERVER: 

CLIENT -> SERVER: .

SERVER -> CLIENT: 250 2.0.0 OK  1702485568 z5-20020aa78885000000b0064fd4a6b306sm10125326pfe.76 - gsmtp

CLIENT -> SERVER: QUIT

SERVER -> CLIENT: 221 2.0.0 closing connection z5-20020aa78885000000b0064fd4a6b306sm10125326pfe.76 - gsmtp

SERVER -> CLIENT: 220 smtp.gmail.com ESMTP p20-20020a63fe14000000b005c67721e6c0sm9996640pgh.53 - gsmtp

CLIENT -> SERVER: EHLO localhost

SERVER -> CLIENT: 250-smtp.gmail.com at your service, [2001:fd8:22e8:5423:a6:d63e:708d:e622]
250-SIZE 35882577
250-8BITMIME
250-STARTTLS
250-ENHANCEDSTATUSCODES
250-PIPELINING
250-CHUNKING
250 SMTPUTF8

CLIENT -> SERVER: STARTTLS

SERVER -> CLIENT: 220 2.0.0 Ready to start TLS

CLIENT -> SERVER: EHLO localhost

SERVER -> CLIENT: 250-smtp.gmail.com at your service, [2001:fd8:22e8:5423:a6:d63e:708d:e622]
250-SIZE 35882577
250-8BITMIME
250-AUTH LOGIN PLAIN XOAUTH2 PLAIN-CLIENTTOKEN OAUTHBEARER XOAUTH
250-ENHANCEDSTATUSCODES
250-PIPELINING
250-CHUNKING
250 SMTPUTF8

CLIENT -> SERVER: AUTH LOGIN

SERVER -> CLIENT: 334 VXNlcm5hbWU6

CLIENT -> SERVER: [credentials hidden]
SERVER -> CLIENT: 334 UGFzc3dvcmQ6

CLIENT -> SERVER: [credentials hidden]
SERVER -> CLIENT: 235 2.7.0 Accepted

CLIENT -> SERVER: MAIL FROM:<olshco.electionupdates@gmail.com>

SERVER -> CLIENT: 250 2.1.0 OK p20-20020a63fe14000000b005c67721e6c0sm9996640pgh.53 - gsmtp

CLIENT -> SERVER: RCPT TO:<charmainejoycecoloma02@gmail.com>

SERVER -> CLIENT: 250 2.1.5 OK p20-20020a63fe14000000b005c67721e6c0sm9996640pgh.53 - gsmtp

CLIENT -> SERVER: DATA

SERVER -> CLIENT: 354  Go ahead p20-20020a63fe14000000b005c67721e6c0sm9996640pgh.53 - gsmtp

CLIENT -> SERVER: Date: Thu, 14 Dec 2023 08:43:04 +0100

CLIENT -> SERVER: To: charmainejoycecoloma02@gmail.com

CLIENT -> SERVER: From: EL-UPS OLSHCO <olshco.electionupdates@gmail.com>

CLIENT -> SERVER: Subject: Voter Registration

CLIENT -> SERVER: Message-ID: <vsBFjJtivja4oeZDECiJsxRvL8x7IpBzLjV2fYfz4@localhost>

CLIENT -> SERVER: X-Mailer: PHPMailer 6.9.1 (https://github.com/PHPMailer/PHPMailer)

CLIENT -> SERVER: MIME-Version: 1.0

CLIENT -> SERVER: Content-Type: text/plain; charset=iso-8859-1

CLIENT -> SERVER: 

CLIENT -> SERVER: Hello Charmaine Joyce Coloma,

CLIENT -> SERVER: 

CLIENT -> SERVER: You have been registered as a voter.

CLIENT -> SERVER: 

CLIENT -> SERVER: Voter ID: 3207548

CLIENT -> SERVER: Password: 9Z1|[bdB{p

CLIENT -> SERVER: 

CLIENT -> SERVER: Please keep this information confidential.

CLIENT -> SERVER: 

CLIENT -> SERVER: .

SERVER -> CLIENT: 250 2.0.0 OK  1702485783 p20-20020a63fe14000000b005c67721e6c0sm9996640pgh.53 - gsmtp

CLIENT -> SERVER: QUIT

SERVER -> CLIENT: 221 2.0.0 closing connection p20-20020a63fe14000000b005c67721e6c0sm9996640pgh.53 - gsmtp

SERVER -> CLIENT: 220 smtp.gmail.com ESMTP z15-20020a1709027e8f00b001cc2dc61c99sm922029pla.22 - gsmtp

CLIENT -> SERVER: EHLO localhost

SERVER -> CLIENT: 250-smtp.gmail.com at your service, [2001:fd8:22e8:5423:a6:d63e:708d:e622]
250-SIZE 35882577
250-8BITMIME
250-STARTTLS
250-ENHANCEDSTATUSCODES
250-PIPELINING
250-CHUNKING
250 SMTPUTF8

CLIENT -> SERVER: STARTTLS

SERVER -> CLIENT: 220 2.0.0 Ready to start TLS

CLIENT -> SERVER: EHLO localhost

SERVER -> CLIENT: 250-smtp.gmail.com at your service, [2001:fd8:22e8:5423:a6:d63e:708d:e622]
250-SIZE 35882577
250-8BITMIME
250-AUTH LOGIN PLAIN XOAUTH2 PLAIN-CLIENTTOKEN OAUTHBEARER XOAUTH
250-ENHANCEDSTATUSCODES
250-PIPELINING
250-CHUNKING
250 SMTPUTF8

CLIENT -> SERVER: AUTH LOGIN

SERVER -> CLIENT: 334 VXNlcm5hbWU6

CLIENT -> SERVER: [credentials hidden]
SERVER -> CLIENT: 334 UGFzc3dvcmQ6

CLIENT -> SERVER: [credentials hidden]
SERVER -> CLIENT: 235 2.7.0 Accepted

CLIENT -> SERVER: MAIL FROM:<olshco.electionupdates@gmail.com>

SERVER -> CLIENT: 250 2.1.0 OK z15-20020a1709027e8f00b001cc2dc61c99sm922029pla.22 - gsmtp

CLIENT -> SERVER: RCPT TO:<charmainejoycecoloma02@gmail.com>

SERVER -> CLIENT: 250 2.1.5 OK z15-20020a1709027e8f00b001cc2dc61c99sm922029pla.22 - gsmtp

CLIENT -> SERVER: DATA

SERVER -> CLIENT: 354  Go ahead z15-20020a1709027e8f00b001cc2dc61c99sm922029pla.22 - gsmtp

CLIENT -> SERVER: Date: Thu, 14 Dec 2023 08:43:56 +0100

CLIENT -> SERVER: To: charmainejoycecoloma02@gmail.com

CLIENT -> SERVER: From: EL-UPS OLSHCO <olshco.electionupdates@gmail.com>

CLIENT -> SERVER: Subject: Voter Registration

CLIENT -> SERVER: Message-ID: <Ac0ZNw09RgRDI5zSvHnCoK6idYXfdT0mdqdUAehz8@localhost>

CLIENT -> SERVER: X-Mailer: PHPMailer 6.9.1 (https://github.com/PHPMailer/PHPMailer)

CLIENT -> SERVER: MIME-Version: 1.0

CLIENT -> SERVER: Content-Type: text/plain; charset=iso-8859-1

CLIENT -> SERVER: 

CLIENT -> SERVER: Hello Charmaine Joyce Coloma,

CLIENT -> SERVER: 

CLIENT -> SERVER: You have been registered as a voter.

CLIENT -> SERVER: 

CLIENT -> SERVER: Voter ID: 3651428

CLIENT -> SERVER: Password: Xy=P3%0}5*

CLIENT -> SERVER: 

CLIENT -> SERVER: Please keep this information confidential.

CLIENT -> SERVER: 

CLIENT -> SERVER: .

SERVER -> CLIENT: 250 2.0.0 OK  1702485832 z15-20020a1709027e8f00b001cc2dc61c99sm922029pla.22 - gsmtp

CLIENT -> SERVER: QUIT

SERVER -> CLIENT: 221 2.0.0 closing connection z15-20020a1709027e8f00b001cc2dc61c99sm922029pla.22 - gsmtp

SERVER -> CLIENT: 220 smtp.gmail.com ESMTP iz7-20020a170902ef8700b001d359f150f9sm814493plb.265 - gsmtp

CLIENT -> SERVER: EHLO localhost

SERVER -> CLIENT: 250-smtp.gmail.com at your service, [2001:fd8:22e8:5423:a6:d63e:708d:e622]
250-SIZE 35882577
250-8BITMIME
250-STARTTLS
250-ENHANCEDSTATUSCODES
250-PIPELINING
250-CHUNKING
250 SMTPUTF8

CLIENT -> SERVER: STARTTLS

SERVER -> CLIENT: 220 2.0.0 Ready to start TLS

CLIENT -> SERVER: EHLO localhost

SERVER -> CLIENT: 250-smtp.gmail.com at your service, [2001:fd8:22e8:5423:a6:d63e:708d:e622]
250-SIZE 35882577
250-8BITMIME
250-AUTH LOGIN PLAIN XOAUTH2 PLAIN-CLIENTTOKEN OAUTHBEARER XOAUTH
250-ENHANCEDSTATUSCODES
250-PIPELINING
250-CHUNKING
250 SMTPUTF8

CLIENT -> SERVER: AUTH LOGIN

SERVER -> CLIENT: 334 VXNlcm5hbWU6

CLIENT -> SERVER: [credentials hidden]
SERVER -> CLIENT: 334 UGFzc3dvcmQ6

CLIENT -> SERVER: [credentials hidden]
SERVER -> CLIENT: 235 2.7.0 Accepted

CLIENT -> SERVER: MAIL FROM:<olshco.electionupdates@gmail.com>

SERVER -> CLIENT: 250 2.1.0 OK iz7-20020a170902ef8700b001d359f150f9sm814493plb.265 - gsmtp

CLIENT -> SERVER: RCPT TO:<reyeshannahjoy82@gmail.com>

SERVER -> CLIENT: 250 2.1.5 OK iz7-20020a170902ef8700b001d359f150f9sm814493plb.265 - gsmtp

CLIENT -> SERVER: DATA

SERVER -> CLIENT: 354  Go ahead iz7-20020a170902ef8700b001d359f150f9sm814493plb.265 - gsmtp

CLIENT -> SERVER: Date: Thu, 14 Dec 2023 08:44:24 +0100

CLIENT -> SERVER: To: reyeshannahjoy82@gmail.com

CLIENT -> SERVER: From: EL-UPS OLSHCO <olshco.electionupdates@gmail.com>

CLIENT -> SERVER: Subject: Voter Registration

CLIENT -> SERVER: Message-ID: <606DlDslQpXnlOggP4WHIkk8O1Hyu7cY5P7dKtYy0@localhost>

CLIENT -> SERVER: X-Mailer: PHPMailer 6.9.1 (https://github.com/PHPMailer/PHPMailer)

CLIENT -> SERVER: MIME-Version: 1.0

CLIENT -> SERVER: Content-Type: text/plain; charset=iso-8859-1

CLIENT -> SERVER: 

CLIENT -> SERVER: Hello Hannah Joy Reyes,

CLIENT -> SERVER: 

CLIENT -> SERVER: You have been registered as a voter.

CLIENT -> SERVER: 

CLIENT -> SERVER: Voter ID: 3684120

CLIENT -> SERVER: Password: 4[*bB0hG+v

CLIENT -> SERVER: 

CLIENT -> SERVER: Please keep this information confidential.

CLIENT -> SERVER: 

CLIENT -> SERVER: .

SERVER -> CLIENT: 250 2.0.0 OK  1702485861 iz7-20020a170902ef8700b001d359f150f9sm814493plb.265 - gsmtp

CLIENT -> SERVER: QUIT

SERVER -> CLIENT: 221 2.0.0 closing connection iz7-20020a170902ef8700b001d359f150f9sm814493plb.265 - gsmtp

SERVER -> CLIENT: 220 smtp.gmail.com ESMTP ix6-20020a170902f80600b001d3623bae2asm183580plb.254 - gsmtp

CLIENT -> SERVER: EHLO localhost

SERVER -> CLIENT: 250-smtp.gmail.com at your service, [2001:fd8:22e8:5423:a6:d63e:708d:e622]
250-SIZE 35882577
250-8BITMIME
250-STARTTLS
250-ENHANCEDSTATUSCODES
250-PIPELINING
250-CHUNKING
250 SMTPUTF8

CLIENT -> SERVER: STARTTLS

SERVER -> CLIENT: 220 2.0.0 Ready to start TLS

CLIENT -> SERVER: EHLO localhost

SERVER -> CLIENT: 250-smtp.gmail.com at your service, [2001:fd8:22e8:5423:a6:d63e:708d:e622]
250-SIZE 35882577
250-8BITMIME
250-AUTH LOGIN PLAIN XOAUTH2 PLAIN-CLIENTTOKEN OAUTHBEARER XOAUTH
250-ENHANCEDSTATUSCODES
250-PIPELINING
250-CHUNKING
250 SMTPUTF8

CLIENT -> SERVER: AUTH LOGIN

SERVER -> CLIENT: 334 VXNlcm5hbWU6

CLIENT -> SERVER: [credentials hidden]
SERVER -> CLIENT: 334 UGFzc3dvcmQ6

CLIENT -> SERVER: [credentials hidden]
SERVER -> CLIENT: 235 2.7.0 Accepted

CLIENT -> SERVER: MAIL FROM:<olshco.electionupdates@gmail.com>

SERVER -> CLIENT: 250 2.1.0 OK ix6-20020a170902f80600b001d3623bae2asm183580plb.254 - gsmtp

CLIENT -> SERVER: RCPT TO:<lebronrefugia@gmail.com>

SERVER -> CLIENT: 250 2.1.5 OK ix6-20020a170902f80600b001d3623bae2asm183580plb.254 - gsmtp

CLIENT -> SERVER: DATA

SERVER -> CLIENT: 354  Go ahead ix6-20020a170902f80600b001d3623bae2asm183580plb.254 - gsmtp

CLIENT -> SERVER: Date: Thu, 14 Dec 2023 08:45:50 +0100

CLIENT -> SERVER: To: lebronrefugia@gmail.com

CLIENT -> SERVER: From: EL-UPS OLSHCO <olshco.electionupdates@gmail.com>

CLIENT -> SERVER: Subject: Voter Registration

CLIENT -> SERVER: Message-ID: <FUpUtFXOho4GeHovtupt0fyFUZOOjNjbwFDsC2gbQ@localhost>

CLIENT -> SERVER: X-Mailer: PHPMailer 6.9.1 (https://github.com/PHPMailer/PHPMailer)

CLIENT -> SERVER: MIME-Version: 1.0

CLIENT -> SERVER: Content-Type: text/plain; charset=iso-8859-1

CLIENT -> SERVER: 

CLIENT -> SERVER: Hello Lyka Refugia,

CLIENT -> SERVER: 

CLIENT -> SERVER: You have been registered as a voter.

CLIENT -> SERVER: 

CLIENT -> SERVER: Voter ID: 1690748

CLIENT -> SERVER: Password: JaO[K0rtI.

CLIENT -> SERVER: 

CLIENT -> SERVER: Please keep this information confidential.

CLIENT -> SERVER: 

CLIENT -> SERVER: .

SERVER -> CLIENT: 250 2.0.0 OK  1702485947 ix6-20020a170902f80600b001d3623bae2asm183580plb.254 - gsmtp

CLIENT -> SERVER: QUIT

SERVER -> CLIENT: 221 2.0.0 closing connection ix6-20020a170902f80600b001d3623bae2asm183580plb.254 - gsmtp

SERVER -> CLIENT: 220 smtp.gmail.com ESMTP y22-20020a1709027c9600b001cff353696asm10762323pll.302 - gsmtp

CLIENT -> SERVER: EHLO localhost

SERVER -> CLIENT: 250-smtp.gmail.com at your service, [2001:fd8:22e8:5423:a6:d63e:708d:e622]
250-SIZE 35882577
250-8BITMIME
250-STARTTLS
250-ENHANCEDSTATUSCODES
250-PIPELINING
250-CHUNKING
250 SMTPUTF8

CLIENT -> SERVER: STARTTLS

SERVER -> CLIENT: 220 2.0.0 Ready to start TLS

CLIENT -> SERVER: EHLO localhost

SERVER -> CLIENT: 250-smtp.gmail.com at your service, [2001:fd8:22e8:5423:a6:d63e:708d:e622]
250-SIZE 35882577
250-8BITMIME
250-AUTH LOGIN PLAIN XOAUTH2 PLAIN-CLIENTTOKEN OAUTHBEARER XOAUTH
250-ENHANCEDSTATUSCODES
250-PIPELINING
250-CHUNKING
250 SMTPUTF8

CLIENT -> SERVER: AUTH LOGIN

SERVER -> CLIENT: 334 VXNlcm5hbWU6

CLIENT -> SERVER: [credentials hidden]
SERVER -> CLIENT: 334 UGFzc3dvcmQ6

CLIENT -> SERVER: [credentials hidden]
SERVER -> CLIENT: 235 2.7.0 Accepted

CLIENT -> SERVER: MAIL FROM:<olshco.electionupdates@gmail.com>

SERVER -> CLIENT: 250 2.1.0 OK y22-20020a1709027c9600b001cff353696asm10762323pll.302 - gsmtp

CLIENT -> SERVER: RCPT TO:<charmainejoycecoloma02@gmail.com>

SERVER -> CLIENT: 250 2.1.5 OK y22-20020a1709027c9600b001cff353696asm10762323pll.302 - gsmtp

CLIENT -> SERVER: DATA

SERVER -> CLIENT: 354  Go ahead y22-20020a1709027c9600b001cff353696asm10762323pll.302 - gsmtp

CLIENT -> SERVER: Date: Thu, 14 Dec 2023 09:11:54 +0100

CLIENT -> SERVER: To: charmainejoycecoloma02@gmail.com

CLIENT -> SERVER: From: EL-UPS OLSHCO <olshco.electionupdates@gmail.com>

CLIENT -> SERVER: Subject: Voter Registration

CLIENT -> SERVER: Message-ID: <MUFQoUq8Dykwzk4vkpABxjmSqMD35flrGT9zZvuScV0@localhost>

CLIENT -> SERVER: X-Mailer: PHPMailer 6.9.1 (https://github.com/PHPMailer/PHPMailer)

CLIENT -> SERVER: MIME-Version: 1.0

CLIENT -> SERVER: Content-Type: text/plain; charset=iso-8859-1

CLIENT -> SERVER: 

CLIENT -> SERVER: Hello Charmaine Joyce Coloma,

CLIENT -> SERVER: 

CLIENT -> SERVER: You have been registered as a voter.

CLIENT -> SERVER: 

CLIENT -> SERVER: Voter ID: 8317290

CLIENT -> SERVER: Password: E0TQW7f3h&

CLIENT -> SERVER: 

CLIENT -> SERVER: Please keep this information confidential.

CLIENT -> SERVER: 

CLIENT -> SERVER: .

SERVER -> CLIENT: 250 2.0.0 OK  1702487512 y22-20020a1709027c9600b001cff353696asm10762323pll.302 - gsmtp

CLIENT -> SERVER: QUIT

SERVER -> CLIENT: 221 2.0.0 closing connection y22-20020a1709027c9600b001cff353696asm10762323pll.302 - gsmtp

SERVER -> CLIENT: 220 smtp.gmail.com ESMTP y18-20020a170902b49200b001d95b3c6259sm5021727plr.263 - gsmtp

CLIENT -> SERVER: EHLO localhost

SERVER -> CLIENT: 250-smtp.gmail.com at your service, [2001:fd8:2160:301c:a88e:241a:2aac:bc2e]
250-SIZE 35882577
250-8BITMIME
250-STARTTLS
250-ENHANCEDSTATUSCODES
250-PIPELINING
250-CHUNKING
250 SMTPUTF8

CLIENT -> SERVER: STARTTLS

SERVER -> CLIENT: 220 2.0.0 Ready to start TLS

CLIENT -> SERVER: EHLO localhost

SERVER -> CLIENT: 250-smtp.gmail.com at your service, [2001:fd8:2160:301c:a88e:241a:2aac:bc2e]
250-SIZE 35882577
250-8BITMIME
250-AUTH LOGIN PLAIN XOAUTH2 PLAIN-CLIENTTOKEN OAUTHBEARER XOAUTH
250-ENHANCEDSTATUSCODES
250-PIPELINING
250-CHUNKING
250 SMTPUTF8

CLIENT -> SERVER: AUTH LOGIN

SERVER -> CLIENT: 334 VXNlcm5hbWU6

CLIENT -> SERVER: [credentials hidden]
SERVER -> CLIENT: 334 UGFzc3dvcmQ6

CLIENT -> SERVER: [credentials hidden]
SERVER -> CLIENT: 235 2.7.0 Accepted

CLIENT -> SERVER: MAIL FROM:<olshco.electionupdates@gmail.com>

SERVER -> CLIENT: 250 2.1.0 OK y18-20020a170902b49200b001d95b3c6259sm5021727plr.263 - gsmtp

CLIENT -> SERVER: RCPT TO:<reyeshannahjoy82@gmail.com>

SERVER -> CLIENT: 250 2.1.5 OK y18-20020a170902b49200b001d95b3c6259sm5021727plr.263 - gsmtp

CLIENT -> SERVER: DATA

SERVER -> CLIENT: 354  Go ahead y18-20020a170902b49200b001d95b3c6259sm5021727plr.263 - gsmtp

CLIENT -> SERVER: Date: Mon, 12 Feb 2024 06:07:27 +0100

CLIENT -> SERVER: To: reyeshannahjoy82@gmail.com

CLIENT -> SERVER: From: EL-UPS OLSHCO <olshco.electionupdates@gmail.com>

CLIENT -> SERVER: Subject: Voter Registration

CLIENT -> SERVER: Message-ID: <pnCMeZQDiLdZQYPnMS2X3iMgnAqKtKZX9ZFHbxJk@localhost>

CLIENT -> SERVER: X-Mailer: PHPMailer 6.9.1 (https://github.com/PHPMailer/PHPMailer)

CLIENT -> SERVER: MIME-Version: 1.0

CLIENT -> SERVER: Content-Type: text/plain; charset=iso-8859-1

CLIENT -> SERVER: 

CLIENT -> SERVER: Hello Hannah Joy Reyes,

CLIENT -> SERVER: 

CLIENT -> SERVER: You have been registered as a voter.

CLIENT -> SERVER: 

CLIENT -> SERVER: Voter ID: 1634785

CLIENT -> SERVER: Password: %n:NQXV=o]

CLIENT -> SERVER: 

CLIENT -> SERVER: Please keep this information confidential.

CLIENT -> SERVER: 

CLIENT -> SERVER: .

SERVER -> CLIENT: 250 2.0.0 OK  1707714453 y18-20020a170902b49200b001d95b3c6259sm5021727plr.263 - gsmtp

CLIENT -> SERVER: QUIT

SERVER -> CLIENT: 221 2.0.0 closing connection y18-20020a170902b49200b001d95b3c6259sm5021727plr.263 - gsmtp

SERVER -> CLIENT: 220 smtp.gmail.com ESMTP f17-20020a170903105100b001d8fe502661sm5055869plc.19 - gsmtp

CLIENT -> SERVER: EHLO localhost

SERVER -> CLIENT: 250-smtp.gmail.com at your service, [2001:fd8:2160:301c:a88e:241a:2aac:bc2e]
250-SIZE 35882577
250-8BITMIME
250-STARTTLS
250-ENHANCEDSTATUSCODES
250-PIPELINING
250-CHUNKING
250 SMTPUTF8

CLIENT -> SERVER: STARTTLS

SERVER -> CLIENT: 220 2.0.0 Ready to start TLS

CLIENT -> SERVER: EHLO localhost

SERVER -> CLIENT: 250-smtp.gmail.com at your service, [2001:fd8:2160:301c:a88e:241a:2aac:bc2e]
250-SIZE 35882577
250-8BITMIME
250-AUTH LOGIN PLAIN XOAUTH2 PLAIN-CLIENTTOKEN OAUTHBEARER XOAUTH
250-ENHANCEDSTATUSCODES
250-PIPELINING
250-CHUNKING
250 SMTPUTF8

CLIENT -> SERVER: AUTH LOGIN

SERVER -> CLIENT: 334 VXNlcm5hbWU6

CLIENT -> SERVER: [credentials hidden]
SERVER -> CLIENT: 334 UGFzc3dvcmQ6

CLIENT -> SERVER: [credentials hidden]
SERVER -> CLIENT: 235 2.7.0 Accepted

CLIENT -> SERVER: MAIL FROM:<olshco.electionupdates@gmail.com>

SERVER -> CLIENT: 250 2.1.0 OK f17-20020a170903105100b001d8fe502661sm5055869plc.19 - gsmtp

CLIENT -> SERVER: RCPT TO:<reyeshannahjoy82@gmail.com>

SERVER -> CLIENT: 250 2.1.5 OK f17-20020a170903105100b001d8fe502661sm5055869plc.19 - gsmtp

CLIENT -> SERVER: DATA

SERVER -> CLIENT: 354  Go ahead f17-20020a170903105100b001d8fe502661sm5055869plc.19 - gsmtp

CLIENT -> SERVER: Date: Mon, 12 Feb 2024 06:07:35 +0100

CLIENT -> SERVER: To: reyeshannahjoy82@gmail.com

CLIENT -> SERVER: From: EL-UPS OLSHCO <olshco.electionupdates@gmail.com>

CLIENT -> SERVER: Subject: Voter Registration

CLIENT -> SERVER: Message-ID: <0Ua04qMQSw0Izdw7d6Jtx33EoxzeXn58EqAF6a2CYg@localhost>

CLIENT -> SERVER: X-Mailer: PHPMailer 6.9.1 (https://github.com/PHPMailer/PHPMailer)

CLIENT -> SERVER: MIME-Version: 1.0

CLIENT -> SERVER: Content-Type: text/plain; charset=iso-8859-1

CLIENT -> SERVER: 

CLIENT -> SERVER: Hello Hannah Joy Reyes,

CLIENT -> SERVER: 

CLIENT -> SERVER: You have been registered as a voter.

CLIENT -> SERVER: 

CLIENT -> SERVER: Voter ID: 1037498

CLIENT -> SERVER: Password: ,FpE<[e2W{

CLIENT -> SERVER: 

CLIENT -> SERVER: Please keep this information confidential.

CLIENT -> SERVER: 

CLIENT -> SERVER: .

SERVER -> CLIENT: 250 2.0.0 OK  1707714458 f17-20020a170903105100b001d8fe502661sm5055869plc.19 - gsmtp

CLIENT -> SERVER: QUIT

SERVER -> CLIENT: 221 2.0.0 closing connection f17-20020a170903105100b001d8fe502661sm5055869plc.19 - gsmtp

SERVER -> CLIENT: 220 smtp.gmail.com ESMTP q13-20020a62e10d000000b006e560192a7dsm6483347pfh.105 - gsmtp

CLIENT -> SERVER: EHLO localhost

SERVER -> CLIENT: 250-smtp.gmail.com at your service, [2001:fd8:22e8:69ea:6480:ad1f:da80:8843]
250-SIZE 35882577
250-8BITMIME
250-STARTTLS
250-ENHANCEDSTATUSCODES
250-PIPELINING
250-CHUNKING
250 SMTPUTF8

CLIENT -> SERVER: STARTTLS

SERVER -> CLIENT: 220 2.0.0 Ready to start TLS

CLIENT -> SERVER: EHLO localhost

SERVER -> CLIENT: 250-smtp.gmail.com at your service, [2001:fd8:22e8:69ea:6480:ad1f:da80:8843]
250-SIZE 35882577
250-8BITMIME
250-AUTH LOGIN PLAIN XOAUTH2 PLAIN-CLIENTTOKEN OAUTHBEARER XOAUTH
250-ENHANCEDSTATUSCODES
250-PIPELINING
250-CHUNKING
250 SMTPUTF8

CLIENT -> SERVER: AUTH LOGIN

SERVER -> CLIENT: 334 VXNlcm5hbWU6

CLIENT -> SERVER: [credentials hidden]
SERVER -> CLIENT: 334 UGFzc3dvcmQ6

CLIENT -> SERVER: [credentials hidden]
SERVER -> CLIENT: 235 2.7.0 Accepted

CLIENT -> SERVER: MAIL FROM:<olshco.electionupdates@gmail.com>

SERVER -> CLIENT: 250 2.1.0 OK q13-20020a62e10d000000b006e560192a7dsm6483347pfh.105 - gsmtp

CLIENT -> SERVER: RCPT TO:<reyeshannahjoy82@gmail.com>

SERVER -> CLIENT: 250 2.1.5 OK q13-20020a62e10d000000b006e560192a7dsm6483347pfh.105 - gsmtp

CLIENT -> SERVER: DATA

SERVER -> CLIENT: 354  Go ahead q13-20020a62e10d000000b006e560192a7dsm6483347pfh.105 - gsmtp

CLIENT -> SERVER: Date: Mon, 4 Mar 2024 07:23:05 +0100

CLIENT -> SERVER: To: reyeshannahjoy82@gmail.com

CLIENT -> SERVER: From: EL-UPS OLSHCO <olshco.electionupdates@gmail.com>

CLIENT -> SERVER: Subject: Voter Registration

CLIENT -> SERVER: Message-ID: <aCGvNVLwS2BaIbFkEBrbN7GCqUXcdg4Mkym74klVAI@localhost>

CLIENT -> SERVER: X-Mailer: PHPMailer 6.9.1 (https://github.com/PHPMailer/PHPMailer)

CLIENT -> SERVER: MIME-Version: 1.0

CLIENT -> SERVER: Content-Type: text/plain; charset=iso-8859-1

CLIENT -> SERVER: 

CLIENT -> SERVER: Hello Jericho Liwanag,

CLIENT -> SERVER: 

CLIENT -> SERVER: You have been registered as a voter.

CLIENT -> SERVER: 

CLIENT -> SERVER: Voter ID: 7230489

CLIENT -> SERVER: Password: 4aOM*D+vf!

CLIENT -> SERVER: 

CLIENT -> SERVER: Please keep this information confidential.

CLIENT -> SERVER: 

CLIENT -> SERVER: .

SERVER -> CLIENT: 250 2.0.0 OK  1709533364 q13-20020a62e10d000000b006e560192a7dsm6483347pfh.105 - gsmtp

CLIENT -> SERVER: QUIT

SERVER -> CLIENT: 221 2.0.0 closing connection q13-20020a62e10d000000b006e560192a7dsm6483347pfh.105 - gsmtp

SERVER -> CLIENT: 220 smtp.gmail.com ESMTP du6-20020a056a002b4600b006e5933a0da9sm6635298pfb.165 - gsmtp

CLIENT -> SERVER: EHLO localhost

SERVER -> CLIENT: 250-smtp.gmail.com at your service, [2001:fd8:21c0:14ed:c95:7b9e:8b9:3a2b]
250-SIZE 35882577
250-8BITMIME
250-STARTTLS
250-ENHANCEDSTATUSCODES
250-PIPELINING
250-CHUNKING
250 SMTPUTF8

CLIENT -> SERVER: STARTTLS

SERVER -> CLIENT: 220 2.0.0 Ready to start TLS

CLIENT -> SERVER: EHLO localhost

SERVER -> CLIENT: 250-smtp.gmail.com at your service, [2001:fd8:21c0:14ed:c95:7b9e:8b9:3a2b]
250-SIZE 35882577
250-8BITMIME
250-AUTH LOGIN PLAIN XOAUTH2 PLAIN-CLIENTTOKEN OAUTHBEARER XOAUTH
250-ENHANCEDSTATUSCODES
250-PIPELINING
250-CHUNKING
250 SMTPUTF8

CLIENT -> SERVER: AUTH LOGIN

SERVER -> CLIENT: 334 VXNlcm5hbWU6

CLIENT -> SERVER: [credentials hidden]
SERVER -> CLIENT: 334 UGFzc3dvcmQ6

CLIENT -> SERVER: [credentials hidden]
SERVER -> CLIENT: 235 2.7.0 Accepted

CLIENT -> SERVER: MAIL FROM:<olshco.electionupdates@gmail.com>

SERVER -> CLIENT: 250 2.1.0 OK du6-20020a056a002b4600b006e5933a0da9sm6635298pfb.165 - gsmtp

CLIENT -> SERVER: RCPT TO:<ivantalusig@gmail.com>

SERVER -> CLIENT: 250 2.1.5 OK du6-20020a056a002b4600b006e5933a0da9sm6635298pfb.165 - gsmtp

CLIENT -> SERVER: DATA

SERVER -> CLIENT: 354  Go ahead du6-20020a056a002b4600b006e5933a0da9sm6635298pfb.165 - gsmtp

CLIENT -> SERVER: Date: Mon, 4 Mar 2024 08:49:03 +0100

CLIENT -> SERVER: To: ivantalusig@gmail.com

CLIENT -> SERVER: From: EL-UPS OLSHCO <olshco.electionupdates@gmail.com>

CLIENT -> SERVER: Subject: Voter Registration

CLIENT -> SERVER: Message-ID: <UhZnQMukAVk2KjgivhnIf3SOyzmDb8k1WEy6HzLa3dY@localhost>

CLIENT -> SERVER: X-Mailer: PHPMailer 6.9.1 (https://github.com/PHPMailer/PHPMailer)

CLIENT -> SERVER: MIME-Version: 1.0

CLIENT -> SERVER: Content-Type: text/plain; charset=iso-8859-1

CLIENT -> SERVER: 

CLIENT -> SERVER: Hello Ivan Talusig,

CLIENT -> SERVER: 

CLIENT -> SERVER: You have been registered as a voter.

CLIENT -> SERVER: 

CLIENT -> SERVER: Voter ID: 1506843

CLIENT -> SERVER: Password: 8j<Okbqpf9

CLIENT -> SERVER: 

CLIENT -> SERVER: Please keep this information confidential.

CLIENT -> SERVER: 

CLIENT -> SERVER: .

SERVER -> CLIENT: 250 2.0.0 OK  1709538522 du6-20020a056a002b4600b006e5933a0da9sm6635298pfb.165 - gsmtp

CLIENT -> SERVER: QUIT

SERVER -> CLIENT: 221 2.0.0 closing connection du6-20020a056a002b4600b006e5933a0da9sm6635298pfb.165 - gsmtp

SERVER -> CLIENT: 220 smtp.gmail.com ESMTP 15-20020a63184f000000b005c662e103a1sm6836591pgy.41 - gsmtp

CLIENT -> SERVER: EHLO localhost

SERVER -> CLIENT: 250-smtp.gmail.com at your service, [2001:fd8:21c0:14ed:c95:7b9e:8b9:3a2b]
250-SIZE 35882577
250-8BITMIME
250-STARTTLS
250-ENHANCEDSTATUSCODES
250-PIPELINING
250-CHUNKING
250 SMTPUTF8

CLIENT -> SERVER: STARTTLS

SERVER -> CLIENT: 220 2.0.0 Ready to start TLS

CLIENT -> SERVER: EHLO localhost

SERVER -> CLIENT: 250-smtp.gmail.com at your service, [2001:fd8:21c0:14ed:c95:7b9e:8b9:3a2b]
250-SIZE 35882577
250-8BITMIME
250-AUTH LOGIN PLAIN XOAUTH2 PLAIN-CLIENTTOKEN OAUTHBEARER XOAUTH
250-ENHANCEDSTATUSCODES
250-PIPELINING
250-CHUNKING
250 SMTPUTF8

CLIENT -> SERVER: AUTH LOGIN

SERVER -> CLIENT: 334 VXNlcm5hbWU6

CLIENT -> SERVER: [credentials hidden]
SERVER -> CLIENT: 334 UGFzc3dvcmQ6

CLIENT -> SERVER: [credentials hidden]
SERVER -> CLIENT: 235 2.7.0 Accepted

CLIENT -> SERVER: MAIL FROM:<olshco.electionupdates@gmail.com>

SERVER -> CLIENT: 250 2.1.0 OK 15-20020a63184f000000b005c662e103a1sm6836591pgy.41 - gsmtp

CLIENT -> SERVER: RCPT TO:<johnmichaeldancel@gmail.com>

SERVER -> CLIENT: 250 2.1.5 OK 15-20020a63184f000000b005c662e103a1sm6836591pgy.41 - gsmtp

CLIENT -> SERVER: DATA

SERVER -> CLIENT: 354  Go ahead 15-20020a63184f000000b005c662e103a1sm6836591pgy.41 - gsmtp

CLIENT -> SERVER: Date: Mon, 4 Mar 2024 08:57:34 +0100

CLIENT -> SERVER: To: johnmichaeldancel@gmail.com

CLIENT -> SERVER: From: EL-UPS OLSHCO <olshco.electionupdates@gmail.com>

CLIENT -> SERVER: Subject: Voter Registration

CLIENT -> SERVER: Message-ID: <Bs375QvgRqQuvgfqiL2n4yhqZLofxgY1RscIRPqhsI@localhost>

CLIENT -> SERVER: X-Mailer: PHPMailer 6.9.1 (https://github.com/PHPMailer/PHPMailer)

CLIENT -> SERVER: MIME-Version: 1.0

CLIENT -> SERVER: Content-Type: text/plain; charset=iso-8859-1

CLIENT -> SERVER: 

CLIENT -> SERVER: Hello John Michael Dancel,

CLIENT -> SERVER: 

CLIENT -> SERVER: You have been registered as a voter.

CLIENT -> SERVER: 

CLIENT -> SERVER: Voter ID: 8219503

CLIENT -> SERVER: Password: +o[#TRwf8G

CLIENT -> SERVER: 

CLIENT -> SERVER: Please keep this information confidential.

CLIENT -> SERVER: 

CLIENT -> SERVER: .

SERVER -> CLIENT: 250 2.0.0 OK  1709539033 15-20020a63184f000000b005c662e103a1sm6836591pgy.41 - gsmtp

CLIENT -> SERVER: QUIT

SERVER -> CLIENT: 221 2.0.0 closing connection 15-20020a63184f000000b005c662e103a1sm6836591pgy.41 - gsmtp

SERVER -> CLIENT: 220 smtp.gmail.com ESMTP c18-20020a170903235200b001dc6f7e794dsm7901041plh.16 - gsmtp

CLIENT -> SERVER: EHLO localhost

SERVER -> CLIENT: 250-smtp.gmail.com at your service, [2001:fd8:21c0:14ed:c95:7b9e:8b9:3a2b]
250-SIZE 35882577
250-8BITMIME
250-STARTTLS
250-ENHANCEDSTATUSCODES
250-PIPELINING
250-CHUNKING
250 SMTPUTF8

CLIENT -> SERVER: STARTTLS

SERVER -> CLIENT: 220 2.0.0 Ready to start TLS

CLIENT -> SERVER: EHLO localhost

SERVER -> CLIENT: 250-smtp.gmail.com at your service, [2001:fd8:21c0:14ed:c95:7b9e:8b9:3a2b]
250-SIZE 35882577
250-8BITMIME
250-AUTH LOGIN PLAIN XOAUTH2 PLAIN-CLIENTTOKEN OAUTHBEARER XOAUTH
250-ENHANCEDSTATUSCODES
250-PIPELINING
250-CHUNKING
250 SMTPUTF8

CLIENT -> SERVER: AUTH LOGIN

SERVER -> CLIENT: 334 VXNlcm5hbWU6

CLIENT -> SERVER: [credentials hidden]
SERVER -> CLIENT: 334 UGFzc3dvcmQ6

CLIENT -> SERVER: [credentials hidden]
SERVER -> CLIENT: 235 2.7.0 Accepted

CLIENT -> SERVER: MAIL FROM:<olshco.electionupdates@gmail.com>

SERVER -> CLIENT: 250 2.1.0 OK c18-20020a170903235200b001dc6f7e794dsm7901041plh.16 - gsmtp

CLIENT -> SERVER: RCPT TO:<gisellecoloma@gmail.com>

SERVER -> CLIENT: 250 2.1.5 OK c18-20020a170903235200b001dc6f7e794dsm7901041plh.16 - gsmtp

CLIENT -> SERVER: DATA

SERVER -> CLIENT: 354  Go ahead c18-20020a170903235200b001dc6f7e794dsm7901041plh.16 - gsmtp

CLIENT -> SERVER: Date: Mon, 4 Mar 2024 09:35:02 +0100

CLIENT -> SERVER: To: gisellecoloma@gmail.com

CLIENT -> SERVER: From: EL-UPS OLSHCO <olshco.electionupdates@gmail.com>

CLIENT -> SERVER: Subject: Voter Registration

CLIENT -> SERVER: Message-ID: <RhuNin3RzzS9G6REfn0bH1uY05A6Ie8AdniasuleA@localhost>

CLIENT -> SERVER: X-Mailer: PHPMailer 6.9.1 (https://github.com/PHPMailer/PHPMailer)

CLIENT -> SERVER: MIME-Version: 1.0

CLIENT -> SERVER: Content-Type: text/plain; charset=iso-8859-1

CLIENT -> SERVER: 

CLIENT -> SERVER: Hello Giselle Coloma,

CLIENT -> SERVER: 

CLIENT -> SERVER: You have been registered as a voter.

CLIENT -> SERVER: 

CLIENT -> SERVER: Voter ID: 7482563

CLIENT -> SERVER: Password: 0i#K%QtP[5

CLIENT -> SERVER: 

CLIENT -> SERVER: Please keep this information confidential.

CLIENT -> SERVER: 

CLIENT -> SERVER: .

SERVER -> CLIENT: 250 2.0.0 OK  1709541282 c18-20020a170903235200b001dc6f7e794dsm7901041plh.16 - gsmtp

CLIENT -> SERVER: QUIT

SERVER -> CLIENT: 221 2.0.0 closing connection c18-20020a170903235200b001dc6f7e794dsm7901041plh.16 - gsmtp

SERVER -> CLIENT: 220 smtp.gmail.com ESMTP m7-20020a62f207000000b006e580678dfbsm8335079pfh.193 - gsmtp

CLIENT -> SERVER: EHLO localhost

SERVER -> CLIENT: 250-smtp.gmail.com at your service, [2001:fd8:21c0:14ed:fc3e:f7d3:1845:ef84]
250-SIZE 35882577
250-8BITMIME
250-STARTTLS
250-ENHANCEDSTATUSCODES
250-PIPELINING
250-CHUNKING
250 SMTPUTF8

CLIENT -> SERVER: STARTTLS

SERVER -> CLIENT: 220 2.0.0 Ready to start TLS

CLIENT -> SERVER: EHLO localhost

SERVER -> CLIENT: 250-smtp.gmail.com at your service, [2001:fd8:21c0:14ed:fc3e:f7d3:1845:ef84]
250-SIZE 35882577
250-8BITMIME
250-AUTH LOGIN PLAIN XOAUTH2 PLAIN-CLIENTTOKEN OAUTHBEARER XOAUTH
250-ENHANCEDSTATUSCODES
250-PIPELINING
250-CHUNKING
250 SMTPUTF8

CLIENT -> SERVER: AUTH LOGIN

SERVER -> CLIENT: 334 VXNlcm5hbWU6

CLIENT -> SERVER: [credentials hidden]
SERVER -> CLIENT: 334 UGFzc3dvcmQ6

CLIENT -> SERVER: [credentials hidden]
SERVER -> CLIENT: 235 2.7.0 Accepted

CLIENT -> SERVER: MAIL FROM:<olshco.electionupdates@gmail.com>

SERVER -> CLIENT: 250 2.1.0 OK m7-20020a62f207000000b006e580678dfbsm8335079pfh.193 - gsmtp

CLIENT -> SERVER: RCPT TO:<santypalma0@gmail.com>

SERVER -> CLIENT: 250 2.1.5 OK m7-20020a62f207000000b006e580678dfbsm8335079pfh.193 - gsmtp

CLIENT -> SERVER: DATA

SERVER -> CLIENT: 354  Go ahead m7-20020a62f207000000b006e580678dfbsm8335079pfh.193 - gsmtp

CLIENT -> SERVER: Date: Tue, 5 Mar 2024 09:45:24 +0100

CLIENT -> SERVER: To: santypalma0@gmail.com

CLIENT -> SERVER: From: EL-UPS OLSHCO <olshco.electionupdates@gmail.com>

CLIENT -> SERVER: Subject: Voter Registration

CLIENT -> SERVER: Message-ID: <iVwdXcuAZkHyeHmp2Myp8ChFDHxP2P2GH8mvGAv8yk@localhost>

CLIENT -> SERVER: X-Mailer: PHPMailer 6.9.1 (https://github.com/PHPMailer/PHPMailer)

CLIENT -> SERVER: MIME-Version: 1.0

CLIENT -> SERVER: Content-Type: text/plain; charset=iso-8859-1

CLIENT -> SERVER: 

CLIENT -> SERVER: Hello Vladimir Figeuroa,

CLIENT -> SERVER: 

CLIENT -> SERVER: You have been registered as a voter.

CLIENT -> SERVER: 

CLIENT -> SERVER: Voter ID: 5923167

CLIENT -> SERVER: Password: SfpI4<z[|]

CLIENT -> SERVER: 

CLIENT -> SERVER: Please keep this information confidential.

CLIENT -> SERVER: 

CLIENT -> SERVER: .

SERVER -> CLIENT: 250 2.0.0 OK  1709628330 m7-20020a62f207000000b006e580678dfbsm8335079pfh.193 - gsmtp

CLIENT -> SERVER: QUIT

SERVER -> CLIENT: 221 2.0.0 closing connection m7-20020a62f207000000b006e580678dfbsm8335079pfh.193 - gsmtp

SERVER -> CLIENT: 220 smtp.gmail.com ESMTP z18-20020a170903019200b001d8be6d1ec4sm10745806plg.39 - gsmtp

CLIENT -> SERVER: EHLO localhost

SERVER -> CLIENT: 250-smtp.gmail.com at your service, [112.198.125.182]
250-SIZE 35882577
250-8BITMIME
250-STARTTLS
250-ENHANCEDSTATUSCODES
250-PIPELINING
250-CHUNKING
250 SMTPUTF8

CLIENT -> SERVER: STARTTLS

SERVER -> CLIENT: 220 2.0.0 Ready to start TLS

CLIENT -> SERVER: EHLO localhost

SERVER -> CLIENT: 250-smtp.gmail.com at your service, [112.198.125.182]
250-SIZE 35882577
250-8BITMIME
250-AUTH LOGIN PLAIN XOAUTH2 PLAIN-CLIENTTOKEN OAUTHBEARER XOAUTH
250-ENHANCEDSTATUSCODES
250-PIPELINING
250-CHUNKING
250 SMTPUTF8

CLIENT -> SERVER: AUTH LOGIN

SERVER -> CLIENT: 334 VXNlcm5hbWU6

CLIENT -> SERVER: [credentials hidden]
SERVER -> CLIENT: 334 UGFzc3dvcmQ6

CLIENT -> SERVER: [credentials hidden]
SERVER -> CLIENT: 235 2.7.0 Accepted

CLIENT -> SERVER: MAIL FROM:<olshco.electionupdates@gmail.com>

SERVER -> CLIENT: 250 2.1.0 OK z18-20020a170903019200b001d8be6d1ec4sm10745806plg.39 - gsmtp

CLIENT -> SERVER: RCPT TO:<ajcoloma06@gmail.com>

SERVER -> CLIENT: 250 2.1.5 OK z18-20020a170903019200b001d8be6d1ec4sm10745806plg.39 - gsmtp

CLIENT -> SERVER: DATA

SERVER -> CLIENT: 354  Go ahead z18-20020a170903019200b001d8be6d1ec4sm10745806plg.39 - gsmtp

CLIENT -> SERVER: Date: Tue, 5 Mar 2024 17:26:05 +0100

CLIENT -> SERVER: To: ajcoloma06@gmail.com

CLIENT -> SERVER: From: EL-UPS OLSHCO <olshco.electionupdates@gmail.com>

CLIENT -> SERVER: Subject: Voter Registration

CLIENT -> SERVER: Message-ID: <GcARu0zUHlgYkqN57oBAPufCyK4ehk3MwvkzoYUW9ZU@localhost>

CLIENT -> SERVER: X-Mailer: PHPMailer 6.9.1 (https://github.com/PHPMailer/PHPMailer)

CLIENT -> SERVER: MIME-Version: 1.0

CLIENT -> SERVER: Content-Type: text/plain; charset=iso-8859-1

CLIENT -> SERVER: 

CLIENT -> SERVER: Hello Almira Jane Coloma,

CLIENT -> SERVER: 

CLIENT -> SERVER: You have been registered as a voter.

CLIENT -> SERVER: 

CLIENT -> SERVER: Voter ID: 2754016

CLIENT -> SERVER: Password: ybcQ(e8%>O

CLIENT -> SERVER: 

CLIENT -> SERVER: Please keep this information confidential.

CLIENT -> SERVER: 

CLIENT -> SERVER: .

SERVER -> CLIENT: 250 2.0.0 OK  1709655972 z18-20020a170903019200b001d8be6d1ec4sm10745806plg.39 - gsmtp

CLIENT -> SERVER: QUIT

SERVER -> CLIENT: 221 2.0.0 closing connection z18-20020a170903019200b001d8be6d1ec4sm10745806plg.39 - gsmtp

SERVER -> CLIENT: 220 smtp.gmail.com ESMTP o20-20020a170902779400b001d94e6a7685sm10727187pll.234 - gsmtp

CLIENT -> SERVER: EHLO localhost

SERVER -> CLIENT: 250-smtp.gmail.com at your service, [112.198.125.182]
250-SIZE 35882577
250-8BITMIME
250-STARTTLS
250-ENHANCEDSTATUSCODES
250-PIPELINING
250-CHUNKING
250 SMTPUTF8

CLIENT -> SERVER: STARTTLS

SERVER -> CLIENT: 220 2.0.0 Ready to start TLS

CLIENT -> SERVER: EHLO localhost

SERVER -> CLIENT: 250-smtp.gmail.com at your service, [112.198.125.182]
250-SIZE 35882577
250-8BITMIME
250-AUTH LOGIN PLAIN XOAUTH2 PLAIN-CLIENTTOKEN OAUTHBEARER XOAUTH
250-ENHANCEDSTATUSCODES
250-PIPELINING
250-CHUNKING
250 SMTPUTF8

CLIENT -> SERVER: AUTH LOGIN

SERVER -> CLIENT: 334 VXNlcm5hbWU6

CLIENT -> SERVER: [credentials hidden]
SERVER -> CLIENT: 334 UGFzc3dvcmQ6

CLIENT -> SERVER: [credentials hidden]
SERVER -> CLIENT: 235 2.7.0 Accepted

CLIENT -> SERVER: MAIL FROM:<olshco.electionupdates@gmail.com>

SERVER -> CLIENT: 250 2.1.0 OK o20-20020a170902779400b001d94e6a7685sm10727187pll.234 - gsmtp

CLIENT -> SERVER: RCPT TO:<marksindanum@gmail.com>

SERVER -> CLIENT: 250 2.1.5 OK o20-20020a170902779400b001d94e6a7685sm10727187pll.234 - gsmtp

CLIENT -> SERVER: DATA

SERVER -> CLIENT: 354  Go ahead o20-20020a170902779400b001d94e6a7685sm10727187pll.234 - gsmtp

CLIENT -> SERVER: Date: Tue, 5 Mar 2024 17:26:12 +0100

CLIENT -> SERVER: To: marksindanum@gmail.com

CLIENT -> SERVER: From: EL-UPS OLSHCO <olshco.electionupdates@gmail.com>

CLIENT -> SERVER: Subject: Voter Registration

CLIENT -> SERVER: Message-ID: <mOHbsTxPmOm1rplm28pWjhFaovNC2EY5MjM6QU2row@localhost>

CLIENT -> SERVER: X-Mailer: PHPMailer 6.9.1 (https://github.com/PHPMailer/PHPMailer)

CLIENT -> SERVER: MIME-Version: 1.0

CLIENT -> SERVER: Content-Type: text/plain; charset=iso-8859-1

CLIENT -> SERVER: 

CLIENT -> SERVER: Hello Mark Kenneth Sindanum,

CLIENT -> SERVER: 

CLIENT -> SERVER: You have been registered as a voter.

CLIENT -> SERVER: 

CLIENT -> SERVER: Voter ID: 0173526

CLIENT -> SERVER: Password: a&Q%lq;fG.

CLIENT -> SERVER: 

CLIENT -> SERVER: Please keep this information confidential.

CLIENT -> SERVER: 

CLIENT -> SERVER: .

SERVER -> CLIENT: 250 2.0.0 OK  1709655977 o20-20020a170902779400b001d94e6a7685sm10727187pll.234 - gsmtp

CLIENT -> SERVER: QUIT

SERVER -> CLIENT: 221 2.0.0 closing connection o20-20020a170902779400b001d94e6a7685sm10727187pll.234 - gsmtp

SERVER -> CLIENT: 220 smtp.gmail.com ESMTP m14-20020a656a0e000000b005d7994a08dcsm8144777pgu.36 - gsmtp

CLIENT -> SERVER: EHLO localhost

SERVER -> CLIENT: 250-smtp.gmail.com at your service, [112.198.125.182]
250-SIZE 35882577
250-8BITMIME
250-STARTTLS
250-ENHANCEDSTATUSCODES
250-PIPELINING
250-CHUNKING
250 SMTPUTF8

CLIENT -> SERVER: STARTTLS

SERVER -> CLIENT: 220 2.0.0 Ready to start TLS

CLIENT -> SERVER: EHLO localhost

SERVER -> CLIENT: 250-smtp.gmail.com at your service, [112.198.125.182]
250-SIZE 35882577
250-8BITMIME
250-AUTH LOGIN PLAIN XOAUTH2 PLAIN-CLIENTTOKEN OAUTHBEARER XOAUTH
250-ENHANCEDSTATUSCODES
250-PIPELINING
250-CHUNKING
250 SMTPUTF8

CLIENT -> SERVER: AUTH LOGIN

SERVER -> CLIENT: 334 VXNlcm5hbWU6

CLIENT -> SERVER: [credentials hidden]
SERVER -> CLIENT: 334 UGFzc3dvcmQ6

CLIENT -> SERVER: [credentials hidden]
SERVER -> CLIENT: 235 2.7.0 Accepted

CLIENT -> SERVER: MAIL FROM:<olshco.electionupdates@gmail.com>

SERVER -> CLIENT: 250 2.1.0 OK m14-20020a656a0e000000b005d7994a08dcsm8144777pgu.36 - gsmtp

CLIENT -> SERVER: RCPT TO:<marianlopez@gmail.com>

SERVER -> CLIENT: 250 2.1.5 OK m14-20020a656a0e000000b005d7994a08dcsm8144777pgu.36 - gsmtp

CLIENT -> SERVER: DATA

SERVER -> CLIENT: 354  Go ahead m14-20020a656a0e000000b005d7994a08dcsm8144777pgu.36 - gsmtp

CLIENT -> SERVER: Date: Tue, 5 Mar 2024 17:26:16 +0100

CLIENT -> SERVER: To: marianlopez@gmail.com

CLIENT -> SERVER: From: EL-UPS OLSHCO <olshco.electionupdates@gmail.com>

CLIENT -> SERVER: Subject: Voter Registration

CLIENT -> SERVER: Message-ID: <oVmKmslMf7JsV3OHlGJQBCe50c9ikqTK68ABYvjY@localhost>

CLIENT -> SERVER: X-Mailer: PHPMailer 6.9.1 (https://github.com/PHPMailer/PHPMailer)

CLIENT -> SERVER: MIME-Version: 1.0

CLIENT -> SERVER: Content-Type: text/plain; charset=iso-8859-1

CLIENT -> SERVER: 

CLIENT -> SERVER: Hello Marian  Lopez,

CLIENT -> SERVER: 

CLIENT -> SERVER: You have been registered as a voter.

CLIENT -> SERVER: 

CLIENT -> SERVER: Voter ID: 2371056

CLIENT -> SERVER: Password: 3L[#}4S2qK

CLIENT -> SERVER: 

CLIENT -> SERVER: Please keep this information confidential.

CLIENT -> SERVER: 

CLIENT -> SERVER: .

SERVER -> CLIENT: 250 2.0.0 OK  1709655982 m14-20020a656a0e000000b005d7994a08dcsm8144777pgu.36 - gsmtp

CLIENT -> SERVER: QUIT

SERVER -> CLIENT: 221 2.0.0 closing connection m14-20020a656a0e000000b005d7994a08dcsm8144777pgu.36 - gsmtp

SERVER -> CLIENT: 220 smtp.gmail.com ESMTP 15-20020a63184f000000b005c662e103a1sm9310174pgy.41 - gsmtp

CLIENT -> SERVER: EHLO localhost

SERVER -> CLIENT: 250-smtp.gmail.com at your service, [112.198.125.182]
250-SIZE 35882577
250-8BITMIME
250-STARTTLS
250-ENHANCEDSTATUSCODES
250-PIPELINING
250-CHUNKING
250 SMTPUTF8

CLIENT -> SERVER: STARTTLS

SERVER -> CLIENT: 220 2.0.0 Ready to start TLS

CLIENT -> SERVER: EHLO localhost

SERVER -> CLIENT: 250-smtp.gmail.com at your service, [112.198.125.182]
250-SIZE 35882577
250-8BITMIME
250-AUTH LOGIN PLAIN XOAUTH2 PLAIN-CLIENTTOKEN OAUTHBEARER XOAUTH
250-ENHANCEDSTATUSCODES
250-PIPELINING
250-CHUNKING
250 SMTPUTF8

CLIENT -> SERVER: AUTH LOGIN

SERVER -> CLIENT: 334 VXNlcm5hbWU6

CLIENT -> SERVER: [credentials hidden]
SERVER -> CLIENT: 334 UGFzc3dvcmQ6

CLIENT -> SERVER: [credentials hidden]
SERVER -> CLIENT: 235 2.7.0 Accepted

CLIENT -> SERVER: MAIL FROM:<olshco.electionupdates@gmail.com>

SERVER -> CLIENT: 250 2.1.0 OK 15-20020a63184f000000b005c662e103a1sm9310174pgy.41 - gsmtp

CLIENT -> SERVER: RCPT TO:<ajcoloma06@gmail.com>

SERVER -> CLIENT: 250 2.1.5 OK 15-20020a63184f000000b005c662e103a1sm9310174pgy.41 - gsmtp

CLIENT -> SERVER: DATA

SERVER -> CLIENT: 354  Go ahead 15-20020a63184f000000b005c662e103a1sm9310174pgy.41 - gsmtp

CLIENT -> SERVER: Date: Tue, 5 Mar 2024 17:27:24 +0100

CLIENT -> SERVER: To: ajcoloma06@gmail.com

CLIENT -> SERVER: From: EL-UPS OLSHCO <olshco.electionupdates@gmail.com>

CLIENT -> SERVER: Subject: Voter Registration

CLIENT -> SERVER: Message-ID: <Ddw2iayWjpsrJo2PwIWI0yBBLfB8ciENOmsDahZzwo@localhost>

CLIENT -> SERVER: X-Mailer: PHPMailer 6.9.1 (https://github.com/PHPMailer/PHPMailer)

CLIENT -> SERVER: MIME-Version: 1.0

CLIENT -> SERVER: Content-Type: text/plain; charset=iso-8859-1

CLIENT -> SERVER: 

CLIENT -> SERVER: Hello Almira Jane Coloma,

CLIENT -> SERVER: 

CLIENT -> SERVER: You have been registered as a voter.

CLIENT -> SERVER: 

CLIENT -> SERVER: Voter ID: 3152978

CLIENT -> SERVER: Password: r9z6(qd|B^

CLIENT -> SERVER: 

CLIENT -> SERVER: Please keep this information confidential.

CLIENT -> SERVER: 

CLIENT -> SERVER: .

SERVER -> CLIENT: 250 2.0.0 OK  1709656049 15-20020a63184f000000b005c662e103a1sm9310174pgy.41 - gsmtp

CLIENT -> SERVER: QUIT

SERVER -> CLIENT: 221 2.0.0 closing connection 15-20020a63184f000000b005c662e103a1sm9310174pgy.41 - gsmtp

SERVER -> CLIENT: 220 smtp.gmail.com ESMTP t7-20020a170902e84700b001d9a91af8a4sm10739204plg.28 - gsmtp

CLIENT -> SERVER: EHLO localhost

SERVER -> CLIENT: 250-smtp.gmail.com at your service, [112.198.125.182]
250-SIZE 35882577
250-8BITMIME
250-STARTTLS
250-ENHANCEDSTATUSCODES
250-PIPELINING
250-CHUNKING
250 SMTPUTF8

CLIENT -> SERVER: STARTTLS

SERVER -> CLIENT: 220 2.0.0 Ready to start TLS

CLIENT -> SERVER: EHLO localhost

SERVER -> CLIENT: 250-smtp.gmail.com at your service, [112.198.125.182]
250-SIZE 35882577
250-8BITMIME
250-AUTH LOGIN PLAIN XOAUTH2 PLAIN-CLIENTTOKEN OAUTHBEARER XOAUTH
250-ENHANCEDSTATUSCODES
250-PIPELINING
250-CHUNKING
250 SMTPUTF8

CLIENT -> SERVER: AUTH LOGIN

SERVER -> CLIENT: 334 VXNlcm5hbWU6

CLIENT -> SERVER: [credentials hidden]
SERVER -> CLIENT: 334 UGFzc3dvcmQ6

CLIENT -> SERVER: [credentials hidden]
SERVER -> CLIENT: 235 2.7.0 Accepted

CLIENT -> SERVER: MAIL FROM:<olshco.electionupdates@gmail.com>

SERVER -> CLIENT: 250 2.1.0 OK t7-20020a170902e84700b001d9a91af8a4sm10739204plg.28 - gsmtp

CLIENT -> SERVER: RCPT TO:<marksindanum@gmail.com>

SERVER -> CLIENT: 250 2.1.5 OK t7-20020a170902e84700b001d9a91af8a4sm10739204plg.28 - gsmtp

CLIENT -> SERVER: DATA

SERVER -> CLIENT: 354  Go ahead t7-20020a170902e84700b001d9a91af8a4sm10739204plg.28 - gsmtp

CLIENT -> SERVER: Date: Tue, 5 Mar 2024 17:27:29 +0100

CLIENT -> SERVER: To: marksindanum@gmail.com

CLIENT -> SERVER: From: EL-UPS OLSHCO <olshco.electionupdates@gmail.com>

CLIENT -> SERVER: Subject: Voter Registration

CLIENT -> SERVER: Message-ID: <6W05j6D4jO8TAzxRrRZRBTeiFBSbrUOqFGkjY6EYCE0@localhost>

CLIENT -> SERVER: X-Mailer: PHPMailer 6.9.1 (https://github.com/PHPMailer/PHPMailer)

CLIENT -> SERVER: MIME-Version: 1.0

CLIENT -> SERVER: Content-Type: text/plain; charset=iso-8859-1

CLIENT -> SERVER: 

CLIENT -> SERVER: Hello Mark Kenneth Sindanum,

CLIENT -> SERVER: 

CLIENT -> SERVER: You have been registered as a voter.

CLIENT -> SERVER: 

CLIENT -> SERVER: Voter ID: 3640915

CLIENT -> SERVER: Password: 4OovKE?@bC

CLIENT -> SERVER: 

CLIENT -> SERVER: Please keep this information confidential.

CLIENT -> SERVER: 

CLIENT -> SERVER: .

SERVER -> CLIENT: 250 2.0.0 OK  1709656054 t7-20020a170902e84700b001d9a91af8a4sm10739204plg.28 - gsmtp

CLIENT -> SERVER: QUIT

SERVER -> CLIENT: 221 2.0.0 closing connection t7-20020a170902e84700b001d9a91af8a4sm10739204plg.28 - gsmtp

SERVER -> CLIENT: 220 smtp.gmail.com ESMTP r16-20020a62e410000000b006e46047fe04sm9163082pfh.204 - gsmtp

CLIENT -> SERVER: EHLO localhost

SERVER -> CLIENT: 250-smtp.gmail.com at your service, [112.198.125.182]
250-SIZE 35882577
250-8BITMIME
250-STARTTLS
250-ENHANCEDSTATUSCODES
250-PIPELINING
250-CHUNKING
250 SMTPUTF8

CLIENT -> SERVER: STARTTLS

SERVER -> CLIENT: 220 2.0.0 Ready to start TLS

CLIENT -> SERVER: EHLO localhost

SERVER -> CLIENT: 250-smtp.gmail.com at your service, [112.198.125.182]
250-SIZE 35882577
250-8BITMIME
250-AUTH LOGIN PLAIN XOAUTH2 PLAIN-CLIENTTOKEN OAUTHBEARER XOAUTH
250-ENHANCEDSTATUSCODES
250-PIPELINING
250-CHUNKING
250 SMTPUTF8

CLIENT -> SERVER: AUTH LOGIN

SERVER -> CLIENT: 334 VXNlcm5hbWU6

CLIENT -> SERVER: [credentials hidden]
SERVER -> CLIENT: 334 UGFzc3dvcmQ6

CLIENT -> SERVER: [credentials hidden]
SERVER -> CLIENT: 235 2.7.0 Accepted

CLIENT -> SERVER: MAIL FROM:<olshco.electionupdates@gmail.com>

SERVER -> CLIENT: 250 2.1.0 OK r16-20020a62e410000000b006e46047fe04sm9163082pfh.204 - gsmtp

CLIENT -> SERVER: RCPT TO:<marianlopez@gmail.com>

SERVER -> CLIENT: 250 2.1.5 OK r16-20020a62e410000000b006e46047fe04sm9163082pfh.204 - gsmtp

CLIENT -> SERVER: DATA

SERVER -> CLIENT: 354  Go ahead r16-20020a62e410000000b006e46047fe04sm9163082pfh.204 - gsmtp

CLIENT -> SERVER: Date: Tue, 5 Mar 2024 17:27:34 +0100

CLIENT -> SERVER: To: marianlopez@gmail.com

CLIENT -> SERVER: From: EL-UPS OLSHCO <olshco.electionupdates@gmail.com>

CLIENT -> SERVER: Subject: Voter Registration

CLIENT -> SERVER: Message-ID: <RB4Khga5ABWpr6G6078R1Kgx0E2BamOYyljjg8QSs@localhost>

CLIENT -> SERVER: X-Mailer: PHPMailer 6.9.1 (https://github.com/PHPMailer/PHPMailer)

CLIENT -> SERVER: MIME-Version: 1.0

CLIENT -> SERVER: Content-Type: text/plain; charset=iso-8859-1

CLIENT -> SERVER: 

CLIENT -> SERVER: Hello Marian  Lopez,

CLIENT -> SERVER: 

CLIENT -> SERVER: You have been registered as a voter.

CLIENT -> SERVER: 

CLIENT -> SERVER: Voter ID: 8306971

CLIENT -> SERVER: Password: +M9$<H8zl@

CLIENT -> SERVER: 

CLIENT -> SERVER: Please keep this information confidential.

CLIENT -> SERVER: 

CLIENT -> SERVER: .

SERVER -> CLIENT: 250 2.0.0 OK  1709656060 r16-20020a62e410000000b006e46047fe04sm9163082pfh.204 - gsmtp

CLIENT -> SERVER: QUIT

SERVER -> CLIENT: 221 2.0.0 closing connection r16-20020a62e410000000b006e46047fe04sm9163082pfh.204 - gsmtp

SERVER -> CLIENT: 220 smtp.gmail.com ESMTP p1-20020a62ab01000000b006e55a21ac02sm9112582pff.152 - gsmtp

CLIENT -> SERVER: EHLO localhost

SERVER -> CLIENT: 250-smtp.gmail.com at your service, [112.198.125.182]
250-SIZE 35882577
250-8BITMIME
250-STARTTLS
250-ENHANCEDSTATUSCODES
250-PIPELINING
250-CHUNKING
250 SMTPUTF8

CLIENT -> SERVER: STARTTLS

SERVER -> CLIENT: 220 2.0.0 Ready to start TLS

CLIENT -> SERVER: EHLO localhost

SERVER -> CLIENT: 250-smtp.gmail.com at your service, [112.198.125.182]
250-SIZE 35882577
250-8BITMIME
250-AUTH LOGIN PLAIN XOAUTH2 PLAIN-CLIENTTOKEN OAUTHBEARER XOAUTH
250-ENHANCEDSTATUSCODES
250-PIPELINING
250-CHUNKING
250 SMTPUTF8

CLIENT -> SERVER: AUTH LOGIN

SERVER -> CLIENT: 334 VXNlcm5hbWU6

CLIENT -> SERVER: [credentials hidden]
SERVER -> CLIENT: 334 UGFzc3dvcmQ6

CLIENT -> SERVER: [credentials hidden]
SERVER -> CLIENT: 235 2.7.0 Accepted

CLIENT -> SERVER: MAIL FROM:<olshco.electionupdates@gmail.com>

SERVER -> CLIENT: 250 2.1.0 OK p1-20020a62ab01000000b006e55a21ac02sm9112582pff.152 - gsmtp

CLIENT -> SERVER: RCPT TO:<ajcoloma06@gmail.com>

SERVER -> CLIENT: 250 2.1.5 OK p1-20020a62ab01000000b006e55a21ac02sm9112582pff.152 - gsmtp

CLIENT -> SERVER: DATA

SERVER -> CLIENT: 354  Go ahead p1-20020a62ab01000000b006e55a21ac02sm9112582pff.152 - gsmtp

CLIENT -> SERVER: Date: Tue, 5 Mar 2024 17:50:15 +0100

CLIENT -> SERVER: To: ajcoloma06@gmail.com

CLIENT -> SERVER: From: EL-UPS OLSHCO <olshco.electionupdates@gmail.com>

CLIENT -> SERVER: Subject: Voter Registration

CLIENT -> SERVER: Message-ID: <LWqEaZJLmu2GB2jSboFQEUOdbTrBNYtQEdc1K2EBas@localhost>

CLIENT -> SERVER: X-Mailer: PHPMailer 6.9.1 (https://github.com/PHPMailer/PHPMailer)

CLIENT -> SERVER: MIME-Version: 1.0

CLIENT -> SERVER: Content-Type: text/plain; charset=iso-8859-1

CLIENT -> SERVER: 

CLIENT -> SERVER: Hello Almira Jane Coloma,

CLIENT -> SERVER: 

CLIENT -> SERVER: You have been registered as a voter.

CLIENT -> SERVER: 

CLIENT -> SERVER: Voter ID: 6230571

CLIENT -> SERVER: Password: :f!l$[0NWP

CLIENT -> SERVER: 

CLIENT -> SERVER: Please keep this information confidential.

CLIENT -> SERVER: 

CLIENT -> SERVER: .

SERVER -> CLIENT: 421-4.3.0 Temporary System Problem. Try again later (2). For more information,
421-4.3.0 go to
421 4.3.0  https://support.google.com/a/answer/3221692 p1-20020a62ab01000000b006e55a21ac02sm9112582pff.152 - gsmtp

SMTP ERROR: DATA END command failed: 421-4.3.0 Temporary System Problem. Try again later (2). For more information,
421-4.3.0 go to
421 4.3.0  https://support.google.com/a/answer/3221692 p1-20020a62ab01000000b006e55a21ac02sm9112582pff.152 - gsmtp

SMTP Error: data not accepted.
CLIENT -> SERVER: QUIT

SERVER -> CLIENT: 
SMTP ERROR: QUIT command failed: 
SERVER -> CLIENT: 220 smtp.gmail.com ESMTP fx14-20020a056a00820e00b006e632056c40sm2256316pfb.0 - gsmtp

CLIENT -> SERVER: EHLO localhost

SERVER -> CLIENT: 250-smtp.gmail.com at your service, [112.198.125.182]
250-SIZE 35882577
250-8BITMIME
250-STARTTLS
250-ENHANCEDSTATUSCODES
250-PIPELINING
250-CHUNKING
250 SMTPUTF8

CLIENT -> SERVER: STARTTLS

SERVER -> CLIENT: 220 2.0.0 Ready to start TLS

CLIENT -> SERVER: EHLO localhost

SERVER -> CLIENT: 250-smtp.gmail.com at your service, [112.198.125.182]
250-SIZE 35882577
250-8BITMIME
250-AUTH LOGIN PLAIN XOAUTH2 PLAIN-CLIENTTOKEN OAUTHBEARER XOAUTH
250-ENHANCEDSTATUSCODES
250-PIPELINING
250-CHUNKING
250 SMTPUTF8

CLIENT -> SERVER: AUTH LOGIN

SERVER -> CLIENT: 334 VXNlcm5hbWU6

CLIENT -> SERVER: [credentials hidden]
SERVER -> CLIENT: 334 UGFzc3dvcmQ6

CLIENT -> SERVER: [credentials hidden]
SERVER -> CLIENT: 235 2.7.0 Accepted

CLIENT -> SERVER: MAIL FROM:<olshco.electionupdates@gmail.com>

SERVER -> CLIENT: 250 2.1.0 OK fx14-20020a056a00820e00b006e632056c40sm2256316pfb.0 - gsmtp

CLIENT -> SERVER: RCPT TO:<marksindanum@gmail.com>

SERVER -> CLIENT: 250 2.1.5 OK fx14-20020a056a00820e00b006e632056c40sm2256316pfb.0 - gsmtp

CLIENT -> SERVER: DATA

SERVER -> CLIENT: 354  Go ahead fx14-20020a056a00820e00b006e632056c40sm2256316pfb.0 - gsmtp

CLIENT -> SERVER: Date: Tue, 5 Mar 2024 17:50:27 +0100

CLIENT -> SERVER: To: marksindanum@gmail.com

CLIENT -> SERVER: From: EL-UPS OLSHCO <olshco.electionupdates@gmail.com>

CLIENT -> SERVER: Subject: Voter Registration

CLIENT -> SERVER: Message-ID: <vrtYQYmawb68CQUDbxK952D6qyo3Kw0XGFrdNdPuU@localhost>

CLIENT -> SERVER: X-Mailer: PHPMailer 6.9.1 (https://github.com/PHPMailer/PHPMailer)

CLIENT -> SERVER: MIME-Version: 1.0

CLIENT -> SERVER: Content-Type: text/plain; charset=iso-8859-1

CLIENT -> SERVER: 

CLIENT -> SERVER: Hello Mark Kenneth Sindanum,

CLIENT -> SERVER: 

CLIENT -> SERVER: You have been registered as a voter.

CLIENT -> SERVER: 

CLIENT -> SERVER: Voter ID: 3185069

CLIENT -> SERVER: Password: sRVPq07T5J

CLIENT -> SERVER: 

CLIENT -> SERVER: Please keep this information confidential.

CLIENT -> SERVER: 

CLIENT -> SERVER: .

SERVER -> CLIENT: 250 2.0.0 OK  1709657434 fx14-20020a056a00820e00b006e632056c40sm2256316pfb.0 - gsmtp

CLIENT -> SERVER: QUIT

SERVER -> CLIENT: 221 2.0.0 closing connection fx14-20020a056a00820e00b006e632056c40sm2256316pfb.0 - gsmtp

SERVER -> CLIENT: 220 smtp.gmail.com ESMTP lh6-20020a170903290600b001dc23e877c1sm10829975plb.265 - gsmtp

CLIENT -> SERVER: EHLO localhost

SERVER -> CLIENT: 250-smtp.gmail.com at your service, [112.198.125.182]
250-SIZE 35882577
250-8BITMIME
250-STARTTLS
250-ENHANCEDSTATUSCODES
250-PIPELINING
250-CHUNKING
250 SMTPUTF8

CLIENT -> SERVER: STARTTLS

SERVER -> CLIENT: 220 2.0.0 Ready to start TLS

CLIENT -> SERVER: EHLO localhost

SERVER -> CLIENT: 250-smtp.gmail.com at your service, [112.198.125.182]
250-SIZE 35882577
250-8BITMIME
250-AUTH LOGIN PLAIN XOAUTH2 PLAIN-CLIENTTOKEN OAUTHBEARER XOAUTH
250-ENHANCEDSTATUSCODES
250-PIPELINING
250-CHUNKING
250 SMTPUTF8

CLIENT -> SERVER: AUTH LOGIN

SERVER -> CLIENT: 334 VXNlcm5hbWU6

CLIENT -> SERVER: [credentials hidden]
SERVER -> CLIENT: 334 UGFzc3dvcmQ6

CLIENT -> SERVER: [credentials hidden]
SERVER -> CLIENT: 235 2.7.0 Accepted

CLIENT -> SERVER: MAIL FROM:<olshco.electionupdates@gmail.com>

SERVER -> CLIENT: 250 2.1.0 OK lh6-20020a170903290600b001dc23e877c1sm10829975plb.265 - gsmtp

CLIENT -> SERVER: RCPT TO:<marianlopez@gmail.com>

SERVER -> CLIENT: 250 2.1.5 OK lh6-20020a170903290600b001dc23e877c1sm10829975plb.265 - gsmtp

CLIENT -> SERVER: DATA

SERVER -> CLIENT: 354  Go ahead lh6-20020a170903290600b001dc23e877c1sm10829975plb.265 - gsmtp

CLIENT -> SERVER: Date: Tue, 5 Mar 2024 17:50:34 +0100

CLIENT -> SERVER: To: marianlopez@gmail.com

CLIENT -> SERVER: From: EL-UPS OLSHCO <olshco.electionupdates@gmail.com>

CLIENT -> SERVER: Subject: Voter Registration

CLIENT -> SERVER: Message-ID: <1BCvExvUsKpy8s9gXOWk186ZsMBBHrAvZK5khqxJM@localhost>

CLIENT -> SERVER: X-Mailer: PHPMailer 6.9.1 (https://github.com/PHPMailer/PHPMailer)

CLIENT -> SERVER: MIME-Version: 1.0

CLIENT -> SERVER: Content-Type: text/plain; charset=iso-8859-1

CLIENT -> SERVER: 

CLIENT -> SERVER: Hello Marian  Lopez,

CLIENT -> SERVER: 

CLIENT -> SERVER: You have been registered as a voter.

CLIENT -> SERVER: 

CLIENT -> SERVER: Voter ID: 8420791

CLIENT -> SERVER: Password: %gfds+Jj)O

CLIENT -> SERVER: 

CLIENT -> SERVER: Please keep this information confidential.

CLIENT -> SERVER: 

CLIENT -> SERVER: .

SERVER -> CLIENT: 250 2.0.0 OK  1709657439 lh6-20020a170903290600b001dc23e877c1sm10829975plb.265 - gsmtp

CLIENT -> SERVER: QUIT

SERVER -> CLIENT: 221 2.0.0 closing connection lh6-20020a170903290600b001dc23e877c1sm10829975plb.265 - gsmtp

SERVER -> CLIENT: 220 smtp.gmail.com ESMTP u3-20020a056a00098300b006e6253f1124sm3456872pfg.65 - gsmtp

CLIENT -> SERVER: EHLO localhost

SERVER -> CLIENT: 250-smtp.gmail.com at your service, [112.198.125.182]
250-SIZE 35882577
250-8BITMIME
250-STARTTLS
250-ENHANCEDSTATUSCODES
250-PIPELINING
250-CHUNKING
250 SMTPUTF8

CLIENT -> SERVER: STARTTLS

SERVER -> CLIENT: 220 2.0.0 Ready to start TLS

CLIENT -> SERVER: EHLO localhost

SERVER -> CLIENT: 250-smtp.gmail.com at your service, [112.198.125.182]
250-SIZE 35882577
250-8BITMIME
250-AUTH LOGIN PLAIN XOAUTH2 PLAIN-CLIENTTOKEN OAUTHBEARER XOAUTH
250-ENHANCEDSTATUSCODES
250-PIPELINING
250-CHUNKING
250 SMTPUTF8

CLIENT -> SERVER: AUTH LOGIN

SERVER -> CLIENT: 334 VXNlcm5hbWU6

CLIENT -> SERVER: [credentials hidden]
SERVER -> CLIENT: 334 UGFzc3dvcmQ6

CLIENT -> SERVER: [credentials hidden]
SERVER -> CLIENT: 235 2.7.0 Accepted

CLIENT -> SERVER: MAIL FROM:<olshco.electionupdates@gmail.com>

SERVER -> CLIENT: 250 2.1.0 OK u3-20020a056a00098300b006e6253f1124sm3456872pfg.65 - gsmtp

CLIENT -> SERVER: RCPT TO:<ajcoloma06@gmail.com>

SERVER -> CLIENT: 250 2.1.5 OK u3-20020a056a00098300b006e6253f1124sm3456872pfg.65 - gsmtp

CLIENT -> SERVER: DATA

SERVER -> CLIENT: 354  Go ahead u3-20020a056a00098300b006e6253f1124sm3456872pfg.65 - gsmtp

CLIENT -> SERVER: Date: Tue, 5 Mar 2024 18:04:07 +0100

CLIENT -> SERVER: To: ajcoloma06@gmail.com

CLIENT -> SERVER: From: EL-UPS OLSHCO <olshco.electionupdates@gmail.com>

CLIENT -> SERVER: Subject: Voter Registration

CLIENT -> SERVER: Message-ID: <Uxj8ZoYWYnUXRzkgO68nzRw828ZPh4YvOlgi5lZCBDI@localhost>

CLIENT -> SERVER: X-Mailer: PHPMailer 6.9.1 (https://github.com/PHPMailer/PHPMailer)

CLIENT -> SERVER: MIME-Version: 1.0

CLIENT -> SERVER: Content-Type: text/plain; charset=iso-8859-1

CLIENT -> SERVER: 

CLIENT -> SERVER: Hello Almira Jane Coloma,

CLIENT -> SERVER: 

CLIENT -> SERVER: You have been registered as a voter.

CLIENT -> SERVER: 

CLIENT -> SERVER: Voter ID: 8326710

CLIENT -> SERVER: Password: I[h]6%|1-d

CLIENT -> SERVER: 

CLIENT -> SERVER: Please keep this information confidential.

CLIENT -> SERVER: 

CLIENT -> SERVER: .

SERVER -> CLIENT: 250 2.0.0 OK  1709658253 u3-20020a056a00098300b006e6253f1124sm3456872pfg.65 - gsmtp

CLIENT -> SERVER: QUIT

SERVER -> CLIENT: 221 2.0.0 closing connection u3-20020a056a00098300b006e6253f1124sm3456872pfg.65 - gsmtp

SERVER -> CLIENT: 220 smtp.gmail.com ESMTP v11-20020a170902d68b00b001d8f251c8b2sm10755008ply.221 - gsmtp

CLIENT -> SERVER: EHLO localhost

SERVER -> CLIENT: 250-smtp.gmail.com at your service, [112.198.125.182]
250-SIZE 35882577
250-8BITMIME
250-STARTTLS
250-ENHANCEDSTATUSCODES
250-PIPELINING
250-CHUNKING
250 SMTPUTF8

CLIENT -> SERVER: STARTTLS

SERVER -> CLIENT: 220 2.0.0 Ready to start TLS

CLIENT -> SERVER: EHLO localhost

SERVER -> CLIENT: 250-smtp.gmail.com at your service, [112.198.125.182]
250-SIZE 35882577
250-8BITMIME
250-AUTH LOGIN PLAIN XOAUTH2 PLAIN-CLIENTTOKEN OAUTHBEARER XOAUTH
250-ENHANCEDSTATUSCODES
250-PIPELINING
250-CHUNKING
250 SMTPUTF8

CLIENT -> SERVER: AUTH LOGIN

SERVER -> CLIENT: 334 VXNlcm5hbWU6

CLIENT -> SERVER: [credentials hidden]
SERVER -> CLIENT: 334 UGFzc3dvcmQ6

CLIENT -> SERVER: [credentials hidden]
SERVER -> CLIENT: 235 2.7.0 Accepted

CLIENT -> SERVER: MAIL FROM:<olshco.electionupdates@gmail.com>

SERVER -> CLIENT: 250 2.1.0 OK v11-20020a170902d68b00b001d8f251c8b2sm10755008ply.221 - gsmtp

CLIENT -> SERVER: RCPT TO:<marksindanum@gmail.com>

SERVER -> CLIENT: 250 2.1.5 OK v11-20020a170902d68b00b001d8f251c8b2sm10755008ply.221 - gsmtp

CLIENT -> SERVER: DATA

SERVER -> CLIENT: 354  Go ahead v11-20020a170902d68b00b001d8f251c8b2sm10755008ply.221 - gsmtp

CLIENT -> SERVER: Date: Tue, 5 Mar 2024 18:04:13 +0100

CLIENT -> SERVER: To: marksindanum@gmail.com

CLIENT -> SERVER: From: EL-UPS OLSHCO <olshco.electionupdates@gmail.com>

CLIENT -> SERVER: Subject: Voter Registration

CLIENT -> SERVER: Message-ID: <Fhv14Bvkwj7cDXjepCL4KYF456BAEhavKES9kaupU@localhost>

CLIENT -> SERVER: X-Mailer: PHPMailer 6.9.1 (https://github.com/PHPMailer/PHPMailer)

CLIENT -> SERVER: MIME-Version: 1.0

CLIENT -> SERVER: Content-Type: text/plain; charset=iso-8859-1

CLIENT -> SERVER: 

CLIENT -> SERVER: Hello Mark Kenneth Sindanum,

CLIENT -> SERVER: 

CLIENT -> SERVER: You have been registered as a voter.

CLIENT -> SERVER: 

CLIENT -> SERVER: Voter ID: 8937510

CLIENT -> SERVER: Password: :i|sn0_g#Y

CLIENT -> SERVER: 

CLIENT -> SERVER: Please keep this information confidential.

CLIENT -> SERVER: 

CLIENT -> SERVER: .

SERVER -> CLIENT: 250 2.0.0 OK  1709658258 v11-20020a170902d68b00b001d8f251c8b2sm10755008ply.221 - gsmtp

CLIENT -> SERVER: QUIT

SERVER -> CLIENT: 221 2.0.0 closing connection v11-20020a170902d68b00b001d8f251c8b2sm10755008ply.221 - gsmtp

SERVER -> CLIENT: 220 smtp.gmail.com ESMTP sn7-20020a17090b2e8700b00298ca131c75sm12000479pjb.24 - gsmtp

CLIENT -> SERVER: EHLO localhost

SERVER -> CLIENT: 250-smtp.gmail.com at your service, [112.198.125.182]
250-SIZE 35882577
250-8BITMIME
250-STARTTLS
250-ENHANCEDSTATUSCODES
250-PIPELINING
250-CHUNKING
250 SMTPUTF8

CLIENT -> SERVER: STARTTLS

SERVER -> CLIENT: 220 2.0.0 Ready to start TLS

CLIENT -> SERVER: EHLO localhost

SERVER -> CLIENT: 250-smtp.gmail.com at your service, [112.198.125.182]
250-SIZE 35882577
250-8BITMIME
250-AUTH LOGIN PLAIN XOAUTH2 PLAIN-CLIENTTOKEN OAUTHBEARER XOAUTH
250-ENHANCEDSTATUSCODES
250-PIPELINING
250-CHUNKING
250 SMTPUTF8

CLIENT -> SERVER: AUTH LOGIN

SERVER -> CLIENT: 334 VXNlcm5hbWU6

CLIENT -> SERVER: [credentials hidden]
SERVER -> CLIENT: 334 UGFzc3dvcmQ6

CLIENT -> SERVER: [credentials hidden]
SERVER -> CLIENT: 235 2.7.0 Accepted

CLIENT -> SERVER: MAIL FROM:<olshco.electionupdates@gmail.com>

SERVER -> CLIENT: 250 2.1.0 OK sn7-20020a17090b2e8700b00298ca131c75sm12000479pjb.24 - gsmtp

CLIENT -> SERVER: RCPT TO:<marianlopez@gmail.com>

SERVER -> CLIENT: 250 2.1.5 OK sn7-20020a17090b2e8700b00298ca131c75sm12000479pjb.24 - gsmtp

CLIENT -> SERVER: DATA

SERVER -> CLIENT: 421-4.3.0 Temporary System Problem. Try again later (1). For more information,
421-4.3.0 go to
421 4.3.0  https://support.google.com/a/answer/3221692 sn7-20020a17090b2e8700b00298ca131c75sm12000479pjb.24 - gsmtp

SMTP ERROR: DATA command failed: 421-4.3.0 Temporary System Problem. Try again later (1). For more information,
421-4.3.0 go to
421 4.3.0  https://support.google.com/a/answer/3221692 sn7-20020a17090b2e8700b00298ca131c75sm12000479pjb.24 - gsmtp

SMTP Error: data not accepted.
SERVER -> CLIENT: 220 smtp.gmail.com ESMTP u2-20020aa78482000000b006e48b41aba7sm9557255pfn.12 - gsmtp

CLIENT -> SERVER: EHLO localhost

SERVER -> CLIENT: 250-smtp.gmail.com at your service, [112.198.125.182]
250-SIZE 35882577
250-8BITMIME
250-STARTTLS
250-ENHANCEDSTATUSCODES
250-PIPELINING
250-CHUNKING
250 SMTPUTF8

CLIENT -> SERVER: STARTTLS

SERVER -> CLIENT: 220 2.0.0 Ready to start TLS

CLIENT -> SERVER: EHLO localhost

SERVER -> CLIENT: 250-smtp.gmail.com at your service, [112.198.125.182]
250-SIZE 35882577
250-8BITMIME
250-AUTH LOGIN PLAIN XOAUTH2 PLAIN-CLIENTTOKEN OAUTHBEARER XOAUTH
250-ENHANCEDSTATUSCODES
250-PIPELINING
250-CHUNKING
250 SMTPUTF8

CLIENT -> SERVER: AUTH LOGIN

SERVER -> CLIENT: 334 VXNlcm5hbWU6

CLIENT -> SERVER: [credentials hidden]
SERVER -> CLIENT: 334 UGFzc3dvcmQ6

CLIENT -> SERVER: [credentials hidden]
SERVER -> CLIENT: 235 2.7.0 Accepted

CLIENT -> SERVER: MAIL FROM:<olshco.electionupdates@gmail.com>

SERVER -> CLIENT: 250 2.1.0 OK u2-20020aa78482000000b006e48b41aba7sm9557255pfn.12 - gsmtp

CLIENT -> SERVER: RCPT TO:<reyeshannahjoy82@gmail.com>

SERVER -> CLIENT: 250 2.1.5 OK u2-20020aa78482000000b006e48b41aba7sm9557255pfn.12 - gsmtp

CLIENT -> SERVER: DATA

SERVER -> CLIENT: 421-4.3.0 Temporary System Problem. Try again later (1). For more information,
421-4.3.0 go to
421 4.3.0  https://support.google.com/a/answer/3221692 u2-20020aa78482000000b006e48b41aba7sm9557255pfn.12 - gsmtp

SMTP ERROR: DATA command failed: 421-4.3.0 Temporary System Problem. Try again later (1). For more information,
421-4.3.0 go to
421 4.3.0  https://support.google.com/a/answer/3221692 u2-20020aa78482000000b006e48b41aba7sm9557255pfn.12 - gsmtp

SMTP Error: data not accepted.
CLIENT -> SERVER: QUIT

SERVER -> CLIENT: 
SMTP ERROR: QUIT command failed: 
SERVER -> CLIENT: 220 smtp.gmail.com ESMTP f7-20020a056a00238700b006e5bd2fa867sm7343886pfc.46 - gsmtp

CLIENT -> SERVER: EHLO localhost

SERVER -> CLIENT: 250-smtp.gmail.com at your service, [112.198.125.182]
250-SIZE 35882577
250-8BITMIME
250-STARTTLS
250-ENHANCEDSTATUSCODES
250-PIPELINING
250-CHUNKING
250 SMTPUTF8

CLIENT -> SERVER: STARTTLS

SERVER -> CLIENT: 220 2.0.0 Ready to start TLS

CLIENT -> SERVER: EHLO localhost

SERVER -> CLIENT: 250-smtp.gmail.com at your service, [112.198.125.182]
250-SIZE 35882577
250-8BITMIME
250-AUTH LOGIN PLAIN XOAUTH2 PLAIN-CLIENTTOKEN OAUTHBEARER XOAUTH
250-ENHANCEDSTATUSCODES
250-PIPELINING
250-CHUNKING
250 SMTPUTF8

CLIENT -> SERVER: AUTH LOGIN

SERVER -> CLIENT: 334 VXNlcm5hbWU6

CLIENT -> SERVER: [credentials hidden]
SERVER -> CLIENT: 334 UGFzc3dvcmQ6

CLIENT -> SERVER: [credentials hidden]
SERVER -> CLIENT: 235 2.7.0 Accepted

CLIENT -> SERVER: MAIL FROM:<olshco.electionupdates@gmail.com>

SERVER -> CLIENT: 250 2.1.0 OK f7-20020a056a00238700b006e5bd2fa867sm7343886pfc.46 - gsmtp

CLIENT -> SERVER: RCPT TO:<charmainecoloma02@gmail.com>

SERVER -> CLIENT: 250 2.1.5 OK f7-20020a056a00238700b006e5bd2fa867sm7343886pfc.46 - gsmtp

CLIENT -> SERVER: DATA

SERVER -> CLIENT: 354  Go ahead f7-20020a056a00238700b006e5bd2fa867sm7343886pfc.46 - gsmtp

CLIENT -> SERVER: Date: Tue, 5 Mar 2024 18:06:11 +0100

CLIENT -> SERVER: To: charmainecoloma02@gmail.com

CLIENT -> SERVER: From: EL-UPS OLSHCO <olshco.electionupdates@gmail.com>

CLIENT -> SERVER: Subject: Voter Registration

CLIENT -> SERVER: Message-ID: <JyyJS7rTSBgslEKNPzhA15qGXyd73JdSt45QViT1XmM@localhost>

CLIENT -> SERVER: X-Mailer: PHPMailer 6.9.1 (https://github.com/PHPMailer/PHPMailer)

CLIENT -> SERVER: MIME-Version: 1.0

CLIENT -> SERVER: Content-Type: text/plain; charset=iso-8859-1

CLIENT -> SERVER: 

CLIENT -> SERVER: Hello Mark Kenneth Sindanum,

CLIENT -> SERVER: 

CLIENT -> SERVER: You have been registered as a voter.

CLIENT -> SERVER: 

CLIENT -> SERVER: Voter ID: 7250964

CLIENT -> SERVER: Password: ax!+;?}Usv

CLIENT -> SERVER: 

CLIENT -> SERVER: Please keep this information confidential.

CLIENT -> SERVER: 

CLIENT -> SERVER: .

SERVER -> CLIENT: 250 2.0.0 OK  1709658376 f7-20020a056a00238700b006e5bd2fa867sm7343886pfc.46 - gsmtp

CLIENT -> SERVER: QUIT

SERVER -> CLIENT: 221 2.0.0 closing connection f7-20020a056a00238700b006e5bd2fa867sm7343886pfc.46 - gsmtp

SERVER -> CLIENT: 220 smtp.gmail.com ESMTP l1-20020a17090add8100b0029b6debb90asm648030pjv.53 - gsmtp

CLIENT -> SERVER: EHLO localhost

SERVER -> CLIENT: 250-smtp.gmail.com at your service, [112.198.125.182]
250-SIZE 35882577
250-8BITMIME
250-STARTTLS
250-ENHANCEDSTATUSCODES
250-PIPELINING
250-CHUNKING
250 SMTPUTF8

CLIENT -> SERVER: STARTTLS

SERVER -> CLIENT: 220 2.0.0 Ready to start TLS

CLIENT -> SERVER: EHLO localhost

SERVER -> CLIENT: 250-smtp.gmail.com at your service, [112.198.125.182]
250-SIZE 35882577
250-8BITMIME
250-AUTH LOGIN PLAIN XOAUTH2 PLAIN-CLIENTTOKEN OAUTHBEARER XOAUTH
250-ENHANCEDSTATUSCODES
250-PIPELINING
250-CHUNKING
250 SMTPUTF8

CLIENT -> SERVER: AUTH LOGIN

SERVER -> CLIENT: 334 VXNlcm5hbWU6

CLIENT -> SERVER: [credentials hidden]
SERVER -> CLIENT: 334 UGFzc3dvcmQ6

CLIENT -> SERVER: [credentials hidden]
SERVER -> CLIENT: 235 2.7.0 Accepted

CLIENT -> SERVER: MAIL FROM:<olshco.electionupdates@gmail.com>

SERVER -> CLIENT: 250 2.1.0 OK l1-20020a17090add8100b0029b6debb90asm648030pjv.53 - gsmtp

CLIENT -> SERVER: RCPT TO:<marianlopez@gmail.com>

SERVER -> CLIENT: 250 2.1.5 OK l1-20020a17090add8100b0029b6debb90asm648030pjv.53 - gsmtp

CLIENT -> SERVER: DATA

SERVER -> CLIENT: 354  Go ahead l1-20020a17090add8100b0029b6debb90asm648030pjv.53 - gsmtp

CLIENT -> SERVER: Date: Tue, 5 Mar 2024 18:06:16 +0100

CLIENT -> SERVER: To: marianlopez@gmail.com

CLIENT -> SERVER: From: EL-UPS OLSHCO <olshco.electionupdates@gmail.com>

CLIENT -> SERVER: Subject: Voter Registration

CLIENT -> SERVER: Message-ID: <Ya3mDud9AZYZvi26KtW7Mq66btzSRihYZTWeSkfBJw@localhost>

CLIENT -> SERVER: X-Mailer: PHPMailer 6.9.1 (https://github.com/PHPMailer/PHPMailer)

CLIENT -> SERVER: MIME-Version: 1.0

CLIENT -> SERVER: Content-Type: text/plain; charset=iso-8859-1

CLIENT -> SERVER: 

CLIENT -> SERVER: Hello Marian  Lopez,

CLIENT -> SERVER: 

CLIENT -> SERVER: You have been registered as a voter.

CLIENT -> SERVER: 

CLIENT -> SERVER: Voter ID: 8965043

CLIENT -> SERVER: Password: gmsiyCNFV}

CLIENT -> SERVER: 

CLIENT -> SERVER: Please keep this information confidential.

CLIENT -> SERVER: 

CLIENT -> SERVER: .

SERVER -> CLIENT: 250 2.0.0 OK  1709658381 l1-20020a17090add8100b0029b6debb90asm648030pjv.53 - gsmtp

CLIENT -> SERVER: QUIT

SERVER -> CLIENT: 221 2.0.0 closing connection l1-20020a17090add8100b0029b6debb90asm648030pjv.53 - gsmtp

SERVER -> CLIENT: 220 smtp.gmail.com ESMTP m14-20020a656a0e000000b005d7994a08dcsm8195164pgu.36 - gsmtp

CLIENT -> SERVER: EHLO localhost

SERVER -> CLIENT: 250-smtp.gmail.com at your service, [112.198.125.182]
250-SIZE 35882577
250-8BITMIME
250-STARTTLS
250-ENHANCEDSTATUSCODES
250-PIPELINING
250-CHUNKING
250 SMTPUTF8

CLIENT -> SERVER: STARTTLS

SERVER -> CLIENT: 220 2.0.0 Ready to start TLS

CLIENT -> SERVER: EHLO localhost

SERVER -> CLIENT: 250-smtp.gmail.com at your service, [112.198.125.182]
250-SIZE 35882577
250-8BITMIME
250-AUTH LOGIN PLAIN XOAUTH2 PLAIN-CLIENTTOKEN OAUTHBEARER XOAUTH
250-ENHANCEDSTATUSCODES
250-PIPELINING
250-CHUNKING
250 SMTPUTF8

CLIENT -> SERVER: AUTH LOGIN

SERVER -> CLIENT: 334 VXNlcm5hbWU6

CLIENT -> SERVER: [credentials hidden]
SERVER -> CLIENT: 334 UGFzc3dvcmQ6

CLIENT -> SERVER: [credentials hidden]
SERVER -> CLIENT: 235 2.7.0 Accepted

CLIENT -> SERVER: MAIL FROM:<olshco.electionupdates@gmail.com>

SERVER -> CLIENT: 250 2.1.0 OK m14-20020a656a0e000000b005d7994a08dcsm8195164pgu.36 - gsmtp

CLIENT -> SERVER: RCPT TO:<reyeshannahjoy82@gmail.com>

SERVER -> CLIENT: 250 2.1.5 OK m14-20020a656a0e000000b005d7994a08dcsm8195164pgu.36 - gsmtp

CLIENT -> SERVER: DATA

SERVER -> CLIENT: 354  Go ahead m14-20020a656a0e000000b005d7994a08dcsm8195164pgu.36 - gsmtp

CLIENT -> SERVER: Date: Tue, 5 Mar 2024 18:11:03 +0100

CLIENT -> SERVER: To: reyeshannahjoy82@gmail.com

CLIENT -> SERVER: From: EL-UPS OLSHCO <olshco.electionupdates@gmail.com>

CLIENT -> SERVER: Subject: Voter Registration

CLIENT -> SERVER: Message-ID: <zKfG4RS455i437RSt0QJUzImR5CpjfpPOgAn0UVquWk@localhost>

CLIENT -> SERVER: X-Mailer: PHPMailer 6.9.1 (https://github.com/PHPMailer/PHPMailer)

CLIENT -> SERVER: MIME-Version: 1.0

CLIENT -> SERVER: Content-Type: text/plain; charset=iso-8859-1

CLIENT -> SERVER: 

CLIENT -> SERVER: Hello Almira Jane Coloma,

CLIENT -> SERVER: 

CLIENT -> SERVER: You have been registered as a voter.

CLIENT -> SERVER: 

CLIENT -> SERVER: Voter ID: 2134065

CLIENT -> SERVER: Password: V89h$y{Lk5

CLIENT -> SERVER: 

CLIENT -> SERVER: Please keep this information confidential.

CLIENT -> SERVER: 

CLIENT -> SERVER: .

SERVER -> CLIENT: 250 2.0.0 OK  1709658672 m14-20020a656a0e000000b005d7994a08dcsm8195164pgu.36 - gsmtp

CLIENT -> SERVER: QUIT

SERVER -> CLIENT: 221 2.0.0 closing connection m14-20020a656a0e000000b005d7994a08dcsm8195164pgu.36 - gsmtp

SERVER -> CLIENT: 220 smtp.gmail.com ESMTP k6-20020a63f006000000b005e4666261besm9533941pgh.50 - gsmtp

CLIENT -> SERVER: EHLO localhost

SERVER -> CLIENT: 250-smtp.gmail.com at your service, [112.198.125.182]
250-SIZE 35882577
250-8BITMIME
250-STARTTLS
250-ENHANCEDSTATUSCODES
250-PIPELINING
250-CHUNKING
250 SMTPUTF8

CLIENT -> SERVER: STARTTLS

SERVER -> CLIENT: 220 2.0.0 Ready to start TLS

CLIENT -> SERVER: EHLO localhost

SERVER -> CLIENT: 250-smtp.gmail.com at your service, [112.198.125.182]
250-SIZE 35882577
250-8BITMIME
250-AUTH LOGIN PLAIN XOAUTH2 PLAIN-CLIENTTOKEN OAUTHBEARER XOAUTH
250-ENHANCEDSTATUSCODES
250-PIPELINING
250-CHUNKING
250 SMTPUTF8

CLIENT -> SERVER: AUTH LOGIN

SERVER -> CLIENT: 334 VXNlcm5hbWU6

CLIENT -> SERVER: [credentials hidden]
SERVER -> CLIENT: 334 UGFzc3dvcmQ6

CLIENT -> SERVER: [credentials hidden]
SERVER -> CLIENT: 235 2.7.0 Accepted

CLIENT -> SERVER: MAIL FROM:<olshco.electionupdates@gmail.com>

SERVER -> CLIENT: 250 2.1.0 OK k6-20020a63f006000000b005e4666261besm9533941pgh.50 - gsmtp

CLIENT -> SERVER: RCPT TO:<charmainecoloma02@gmail.com>

SERVER -> CLIENT: 250 2.1.5 OK k6-20020a63f006000000b005e4666261besm9533941pgh.50 - gsmtp

CLIENT -> SERVER: DATA

SERVER -> CLIENT: 354  Go ahead k6-20020a63f006000000b005e4666261besm9533941pgh.50 - gsmtp

CLIENT -> SERVER: Date: Tue, 5 Mar 2024 18:11:12 +0100

CLIENT -> SERVER: To: charmainecoloma02@gmail.com

CLIENT -> SERVER: From: EL-UPS OLSHCO <olshco.electionupdates@gmail.com>

CLIENT -> SERVER: Subject: Voter Registration

CLIENT -> SERVER: Message-ID: <t79IGqzho0vlD083ax9wkqGJ7cRvqsnVebl39gfQwA@localhost>

CLIENT -> SERVER: X-Mailer: PHPMailer 6.9.1 (https://github.com/PHPMailer/PHPMailer)

CLIENT -> SERVER: MIME-Version: 1.0

CLIENT -> SERVER: Content-Type: text/plain; charset=iso-8859-1

CLIENT -> SERVER: 

CLIENT -> SERVER: Hello Mark Kenneth Sindanum,

CLIENT -> SERVER: 

CLIENT -> SERVER: You have been registered as a voter.

CLIENT -> SERVER: 

CLIENT -> SERVER: Voter ID: 5913246

CLIENT -> SERVER: Password: BQRZ>LmD#=

CLIENT -> SERVER: 

CLIENT -> SERVER: Please keep this information confidential.

CLIENT -> SERVER: 

CLIENT -> SERVER: .

SERVER -> CLIENT: 250 2.0.0 OK  1709658676 k6-20020a63f006000000b005e4666261besm9533941pgh.50 - gsmtp

CLIENT -> SERVER: QUIT

SERVER -> CLIENT: 221 2.0.0 closing connection k6-20020a63f006000000b005e4666261besm9533941pgh.50 - gsmtp

SERVER -> CLIENT: 220 smtp.gmail.com ESMTP p7-20020a170902bd0700b001dca3a65200sm10741735pls.228 - gsmtp

CLIENT -> SERVER: EHLO localhost

SERVER -> CLIENT: 250-smtp.gmail.com at your service, [112.198.125.182]
250-SIZE 35882577
250-8BITMIME
250-STARTTLS
250-ENHANCEDSTATUSCODES
250-PIPELINING
250-CHUNKING
250 SMTPUTF8

CLIENT -> SERVER: STARTTLS

SERVER -> CLIENT: 220 2.0.0 Ready to start TLS

CLIENT -> SERVER: EHLO localhost

SERVER -> CLIENT: 250-smtp.gmail.com at your service, [112.198.125.182]
250-SIZE 35882577
250-8BITMIME
250-AUTH LOGIN PLAIN XOAUTH2 PLAIN-CLIENTTOKEN OAUTHBEARER XOAUTH
250-ENHANCEDSTATUSCODES
250-PIPELINING
250-CHUNKING
250 SMTPUTF8

CLIENT -> SERVER: AUTH LOGIN

SERVER -> CLIENT: 334 VXNlcm5hbWU6

CLIENT -> SERVER: [credentials hidden]
SERVER -> CLIENT: 334 UGFzc3dvcmQ6

CLIENT -> SERVER: [credentials hidden]
SERVER -> CLIENT: 235 2.7.0 Accepted

CLIENT -> SERVER: MAIL FROM:<olshco.electionupdates@gmail.com>

SERVER -> CLIENT: 250 2.1.0 OK p7-20020a170902bd0700b001dca3a65200sm10741735pls.228 - gsmtp

CLIENT -> SERVER: RCPT TO:<marianlopez@gmail.com>

SERVER -> CLIENT: 250 2.1.5 OK p7-20020a170902bd0700b001dca3a65200sm10741735pls.228 - gsmtp

CLIENT -> SERVER: DATA

SERVER -> CLIENT: 354  Go ahead p7-20020a170902bd0700b001dca3a65200sm10741735pls.228 - gsmtp

CLIENT -> SERVER: Date: Tue, 5 Mar 2024 18:11:16 +0100

CLIENT -> SERVER: To: marianlopez@gmail.com

CLIENT -> SERVER: From: EL-UPS OLSHCO <olshco.electionupdates@gmail.com>

CLIENT -> SERVER: Subject: Voter Registration

CLIENT -> SERVER: Message-ID: <Re2PqMva3BmTcRXw4EWnnxfwx0jB6xKxLfgKZVFvi4@localhost>

CLIENT -> SERVER: X-Mailer: PHPMailer 6.9.1 (https://github.com/PHPMailer/PHPMailer)

CLIENT -> SERVER: MIME-Version: 1.0

CLIENT -> SERVER: Content-Type: text/plain; charset=iso-8859-1

CLIENT -> SERVER: 

CLIENT -> SERVER: Hello Marian  Lopez,

CLIENT -> SERVER: 

CLIENT -> SERVER: You have been registered as a voter.

CLIENT -> SERVER: 

CLIENT -> SERVER: Voter ID: 2638019

CLIENT -> SERVER: Password: }t]ZPr0^c>

CLIENT -> SERVER: 

CLIENT -> SERVER: Please keep this information confidential.

CLIENT -> SERVER: 

CLIENT -> SERVER: .

SERVER -> CLIENT: 250 2.0.0 OK  1709658682 p7-20020a170902bd0700b001dca3a65200sm10741735pls.228 - gsmtp

CLIENT -> SERVER: QUIT

SERVER -> CLIENT: 221 2.0.0 closing connection p7-20020a170902bd0700b001dca3a65200sm10741735pls.228 - gsmtp

SERVER -> CLIENT: 220 smtp.gmail.com ESMTP v18-20020a056a00149200b006e64ddfa71asm1207717pfu.170 - gsmtp

CLIENT -> SERVER: EHLO localhost

SERVER -> CLIENT: 250-smtp.gmail.com at your service, [2001:fd8:2158:5db:c514:7370:1a48:5e8]
250-SIZE 35882577
250-8BITMIME
250-STARTTLS
250-ENHANCEDSTATUSCODES
250-PIPELINING
250-CHUNKING
250 SMTPUTF8

CLIENT -> SERVER: STARTTLS

SERVER -> CLIENT: 220 2.0.0 Ready to start TLS

CLIENT -> SERVER: EHLO localhost

SERVER -> CLIENT: 250-smtp.gmail.com at your service, [2001:fd8:2158:5db:c514:7370:1a48:5e8]
250-SIZE 35882577
250-8BITMIME
250-AUTH LOGIN PLAIN XOAUTH2 PLAIN-CLIENTTOKEN OAUTHBEARER XOAUTH
250-ENHANCEDSTATUSCODES
250-PIPELINING
250-CHUNKING
250 SMTPUTF8

CLIENT -> SERVER: AUTH LOGIN

SERVER -> CLIENT: 334 VXNlcm5hbWU6

CLIENT -> SERVER: [credentials hidden]
SERVER -> CLIENT: 334 UGFzc3dvcmQ6

CLIENT -> SERVER: [credentials hidden]
SERVER -> CLIENT: 235 2.7.0 Accepted

CLIENT -> SERVER: MAIL FROM:<olshco.electionupdates@gmail.com>

SERVER -> CLIENT: 250 2.1.0 OK v18-20020a056a00149200b006e64ddfa71asm1207717pfu.170 - gsmtp

CLIENT -> SERVER: RCPT TO:<reyeshannahjoy82@gmail.com>

SERVER -> CLIENT: 250 2.1.5 OK v18-20020a056a00149200b006e64ddfa71asm1207717pfu.170 - gsmtp

CLIENT -> SERVER: DATA

SERVER -> CLIENT: 354  Go ahead v18-20020a056a00149200b006e64ddfa71asm1207717pfu.170 - gsmtp

CLIENT -> SERVER: Date: Wed, 6 Mar 2024 13:58:13 +0100

CLIENT -> SERVER: To: reyeshannahjoy82@gmail.com

CLIENT -> SERVER: From: EL-UPS OLSHCO <olshco.electionupdates@gmail.com>

CLIENT -> SERVER: Subject: Voter Registration

CLIENT -> SERVER: Message-ID: <PfTYNd5FjCYptIkv99GsJP50yOa63FUuuMLSSA@localhost>

CLIENT -> SERVER: X-Mailer: PHPMailer 6.9.1 (https://github.com/PHPMailer/PHPMailer)

CLIENT -> SERVER: MIME-Version: 1.0

CLIENT -> SERVER: Content-Type: text/plain; charset=iso-8859-1

CLIENT -> SERVER: 

CLIENT -> SERVER: Hello Almira Jane Coloma,

CLIENT -> SERVER: 

CLIENT -> SERVER: You have been registered as a voter.

CLIENT -> SERVER: 

CLIENT -> SERVER: Voter ID: 3169704

CLIENT -> SERVER: Password: [@y{&8VdZ1

CLIENT -> SERVER: 

CLIENT -> SERVER: Please keep this information confidential.

CLIENT -> SERVER: 

CLIENT -> SERVER: .

SERVER -> CLIENT: 250 2.0.0 OK  1709729898 v18-20020a056a00149200b006e64ddfa71asm1207717pfu.170 - gsmtp

CLIENT -> SERVER: QUIT

SERVER -> CLIENT: 221 2.0.0 closing connection v18-20020a056a00149200b006e64ddfa71asm1207717pfu.170 - gsmtp

SERVER -> CLIENT: 220 smtp.gmail.com ESMTP c1-20020a170903234100b001d9fc6df457sm12526503plh.5 - gsmtp

CLIENT -> SERVER: EHLO localhost

SERVER -> CLIENT: 250-smtp.gmail.com at your service, [2001:fd8:2158:5db:c514:7370:1a48:5e8]
250-SIZE 35882577
250-8BITMIME
250-STARTTLS
250-ENHANCEDSTATUSCODES
250-PIPELINING
250-CHUNKING
250 SMTPUTF8

CLIENT -> SERVER: STARTTLS

SERVER -> CLIENT: 220 2.0.0 Ready to start TLS

CLIENT -> SERVER: EHLO localhost

SERVER -> CLIENT: 250-smtp.gmail.com at your service, [2001:fd8:2158:5db:c514:7370:1a48:5e8]
250-SIZE 35882577
250-8BITMIME
250-AUTH LOGIN PLAIN XOAUTH2 PLAIN-CLIENTTOKEN OAUTHBEARER XOAUTH
250-ENHANCEDSTATUSCODES
250-PIPELINING
250-CHUNKING
250 SMTPUTF8

CLIENT -> SERVER: AUTH LOGIN

SERVER -> CLIENT: 334 VXNlcm5hbWU6

CLIENT -> SERVER: [credentials hidden]
SERVER -> CLIENT: 334 UGFzc3dvcmQ6

CLIENT -> SERVER: [credentials hidden]
SERVER -> CLIENT: 235 2.7.0 Accepted

CLIENT -> SERVER: MAIL FROM:<olshco.electionupdates@gmail.com>

SERVER -> CLIENT: 250 2.1.0 OK c1-20020a170903234100b001d9fc6df457sm12526503plh.5 - gsmtp

CLIENT -> SERVER: RCPT TO:<charmainecoloma02@gmail.com>

SERVER -> CLIENT: 250 2.1.5 OK c1-20020a170903234100b001d9fc6df457sm12526503plh.5 - gsmtp

CLIENT -> SERVER: DATA

SERVER -> CLIENT: 354  Go ahead c1-20020a170903234100b001d9fc6df457sm12526503plh.5 - gsmtp

CLIENT -> SERVER: Date: Wed, 6 Mar 2024 13:58:19 +0100

CLIENT -> SERVER: To: charmainecoloma02@gmail.com

CLIENT -> SERVER: From: EL-UPS OLSHCO <olshco.electionupdates@gmail.com>

CLIENT -> SERVER: Subject: Voter Registration

CLIENT -> SERVER: Message-ID: <u0IUByLVQa1gJCr1tTZcQVevGRbxjqF8PO0juOibhM@localhost>

CLIENT -> SERVER: X-Mailer: PHPMailer 6.9.1 (https://github.com/PHPMailer/PHPMailer)

CLIENT -> SERVER: MIME-Version: 1.0

CLIENT -> SERVER: Content-Type: text/plain; charset=iso-8859-1

CLIENT -> SERVER: 

CLIENT -> SERVER: Hello Mark Kenneth Sindanum,

CLIENT -> SERVER: 

CLIENT -> SERVER: You have been registered as a voter.

CLIENT -> SERVER: 

CLIENT -> SERVER: Voter ID: 1523706

CLIENT -> SERVER: Password: NshgF[b]^e

CLIENT -> SERVER: 

CLIENT -> SERVER: Please keep this information confidential.

CLIENT -> SERVER: 

CLIENT -> SERVER: .

SERVER -> CLIENT: 250 2.0.0 OK  1709729903 c1-20020a170903234100b001d9fc6df457sm12526503plh.5 - gsmtp

CLIENT -> SERVER: QUIT

SERVER -> CLIENT: 221 2.0.0 closing connection c1-20020a170903234100b001d9fc6df457sm12526503plh.5 - gsmtp

SERVER -> CLIENT: 220 smtp.gmail.com ESMTP h6-20020a170902680600b001dcd00165a7sm12738607plk.38 - gsmtp

CLIENT -> SERVER: EHLO localhost

SERVER -> CLIENT: 250-smtp.gmail.com at your service, [2001:fd8:2158:5db:c514:7370:1a48:5e8]
250-SIZE 35882577
250-8BITMIME
250-STARTTLS
250-ENHANCEDSTATUSCODES
250-PIPELINING
250-CHUNKING
250 SMTPUTF8

CLIENT -> SERVER: STARTTLS

SERVER -> CLIENT: 220 2.0.0 Ready to start TLS

CLIENT -> SERVER: EHLO localhost

SERVER -> CLIENT: 250-smtp.gmail.com at your service, [2001:fd8:2158:5db:c514:7370:1a48:5e8]
250-SIZE 35882577
250-8BITMIME
250-AUTH LOGIN PLAIN XOAUTH2 PLAIN-CLIENTTOKEN OAUTHBEARER XOAUTH
250-ENHANCEDSTATUSCODES
250-PIPELINING
250-CHUNKING
250 SMTPUTF8

CLIENT -> SERVER: AUTH LOGIN

SERVER -> CLIENT: 334 VXNlcm5hbWU6

CLIENT -> SERVER: [credentials hidden]
SERVER -> CLIENT: 334 UGFzc3dvcmQ6

CLIENT -> SERVER: [credentials hidden]
SERVER -> CLIENT: 235 2.7.0 Accepted

CLIENT -> SERVER: MAIL FROM:<olshco.electionupdates@gmail.com>

SERVER -> CLIENT: 250 2.1.0 OK h6-20020a170902680600b001dcd00165a7sm12738607plk.38 - gsmtp

CLIENT -> SERVER: RCPT TO:<marianlopez@gmail.com>

SERVER -> CLIENT: 250 2.1.5 OK h6-20020a170902680600b001dcd00165a7sm12738607plk.38 - gsmtp

CLIENT -> SERVER: DATA

SERVER -> CLIENT: 354  Go ahead h6-20020a170902680600b001dcd00165a7sm12738607plk.38 - gsmtp

CLIENT -> SERVER: Date: Wed, 6 Mar 2024 13:58:24 +0100

CLIENT -> SERVER: To: marianlopez@gmail.com

CLIENT -> SERVER: From: EL-UPS OLSHCO <olshco.electionupdates@gmail.com>

CLIENT -> SERVER: Subject: Voter Registration

CLIENT -> SERVER: Message-ID: <sSIW019WL5poZAacuEr9P8Mc6S0foTiTEjfrFPHz9DM@localhost>

CLIENT -> SERVER: X-Mailer: PHPMailer 6.9.1 (https://github.com/PHPMailer/PHPMailer)

CLIENT -> SERVER: MIME-Version: 1.0

CLIENT -> SERVER: Content-Type: text/plain; charset=iso-8859-1

CLIENT -> SERVER: 

CLIENT -> SERVER: Hello Marian  Lopez,

CLIENT -> SERVER: 

CLIENT -> SERVER: You have been registered as a voter.

CLIENT -> SERVER: 

CLIENT -> SERVER: Voter ID: 5328791

CLIENT -> SERVER: Password: >?0f4JGXH*

CLIENT -> SERVER: 

CLIENT -> SERVER: Please keep this information confidential.

CLIENT -> SERVER: 

CLIENT -> SERVER: .

SERVER -> CLIENT: 250 2.0.0 OK  1709729908 h6-20020a170902680600b001dcd00165a7sm12738607plk.38 - gsmtp

CLIENT -> SERVER: QUIT

SERVER -> CLIENT: 221 2.0.0 closing connection h6-20020a170902680600b001dcd00165a7sm12738607plk.38 - gsmtp

SERVER -> CLIENT: 220 smtp.gmail.com ESMTP q67-20020a634346000000b005dc49afed53sm11169199pga.55 - gsmtp

CLIENT -> SERVER: EHLO localhost

SERVER -> CLIENT: 250-smtp.gmail.com at your service, [2001:fd8:2158:5db:c514:7370:1a48:5e8]
250-SIZE 35882577
250-8BITMIME
250-STARTTLS
250-ENHANCEDSTATUSCODES
250-PIPELINING
250-CHUNKING
250 SMTPUTF8

CLIENT -> SERVER: STARTTLS

SERVER -> CLIENT: 220 2.0.0 Ready to start TLS

CLIENT -> SERVER: EHLO localhost

SERVER -> CLIENT: 250-smtp.gmail.com at your service, [2001:fd8:2158:5db:c514:7370:1a48:5e8]
250-SIZE 35882577
250-8BITMIME
250-AUTH LOGIN PLAIN XOAUTH2 PLAIN-CLIENTTOKEN OAUTHBEARER XOAUTH
250-ENHANCEDSTATUSCODES
250-PIPELINING
250-CHUNKING
250 SMTPUTF8

CLIENT -> SERVER: AUTH LOGIN

SERVER -> CLIENT: 334 VXNlcm5hbWU6

CLIENT -> SERVER: [credentials hidden]
SERVER -> CLIENT: 334 UGFzc3dvcmQ6

CLIENT -> SERVER: [credentials hidden]
SERVER -> CLIENT: 235 2.7.0 Accepted

CLIENT -> SERVER: MAIL FROM:<olshco.electionupdates@gmail.com>

SERVER -> CLIENT: 250 2.1.0 OK q67-20020a634346000000b005dc49afed53sm11169199pga.55 - gsmtp

CLIENT -> SERVER: RCPT TO:<lagmay@gmail.com>

SERVER -> CLIENT: 250 2.1.5 OK q67-20020a634346000000b005dc49afed53sm11169199pga.55 - gsmtp

CLIENT -> SERVER: DATA

SERVER -> CLIENT: 354  Go ahead q67-20020a634346000000b005dc49afed53sm11169199pga.55 - gsmtp

CLIENT -> SERVER: Date: Wed, 6 Mar 2024 17:08:12 +0100

CLIENT -> SERVER: To: lagmay@gmail.com

CLIENT -> SERVER: From: EL-UPS OLSHCO <olshco.electionupdates@gmail.com>

CLIENT -> SERVER: Subject: Voter Registration

CLIENT -> SERVER: Message-ID: <DNIy5fZt0VxDQjmnhGQxCpivBNjqyBtZ9rguGlgoGF8@localhost>

CLIENT -> SERVER: X-Mailer: PHPMailer 6.9.1 (https://github.com/PHPMailer/PHPMailer)

CLIENT -> SERVER: MIME-Version: 1.0

CLIENT -> SERVER: Content-Type: text/plain; charset=iso-8859-1

CLIENT -> SERVER: 

CLIENT -> SERVER: Hello Ryan Christian Lagmay,

CLIENT -> SERVER: 

CLIENT -> SERVER: You have been registered as a voter.

CLIENT -> SERVER: 

CLIENT -> SERVER: Voter ID: 4876312

CLIENT -> SERVER: Password: 1a}^&*Xtks

CLIENT -> SERVER: 

CLIENT -> SERVER: Please keep this information confidential.

CLIENT -> SERVER: 

CLIENT -> SERVER: .

SERVER -> CLIENT: 250 2.0.0 OK  1709741296 q67-20020a634346000000b005dc49afed53sm11169199pga.55 - gsmtp

CLIENT -> SERVER: QUIT

SERVER -> CLIENT: 221 2.0.0 closing connection q67-20020a634346000000b005dc49afed53sm11169199pga.55 - gsmtp

